#
# A fatal error has been detected by the Java Runtime Environment:
#
#  EXCEPTION_ACCESS_VIOLATION (0xc0000005) at pc=0x0000024320daae53, pid=24524, tid=21632
#
# JRE version: OpenJDK Runtime Environment Temurin-21.0.8+9 (21.0.8+9) (build 21.0.8+9-LTS)
# Java VM: OpenJDK 64-Bit Server VM Temurin-21.0.8+9 (21.0.8+9-LTS, mixed mode, emulated-client, sharing, tiered, compressed oops, compressed class ptrs, g1 gc, windows-amd64)
# Problematic frame:
# v  ~BufferBlob::MethodHandles adapters 0x0000024320daae53
#
# No core dump will be written. Minidumps are not enabled by default on client versions of Windows
#
# If you would like to submit a bug report, please visit:
#   https://github.com/adoptium/adoptium-support/issues
#

---------------  S U M M A R Y ------------

Command Line: -XX:+ShowCodeDetailsInExceptionMessages -agentlib:jdwp=transport=dt_socket,suspend=y,address=localhost:51488 -Dcom.sun.management.jmxremote -Dcom.sun.management.jmxremote.port=51487 -Dcom.sun.management.jmxremote.authenticate=false -Dcom.sun.management.jmxremote.ssl=false -Djava.rmi.server.hostname=localhost -Dspring.jmx.enabled=true -Dmanagement.endpoints.jmx.exposure.include=* -Dspring.application.admin.enabled=true -Dspring.output.ansi.enabled=always -XX:TieredStopAtLevel=1 -Dspring.boot.project.name=order-service -javaagent:D:\sts-4.32.0.RELEASE\configuration\org.eclipse.osgi\272\0\.cp\lib\javaagent-shaded.jar -Dfile.encoding=UTF-8 -Dstdout.encoding=UTF-8 -Dstderr.encoding=UTF-8 com.hogwarts.orderservice.OrderServiceApplication

Host: 11th Gen Intel(R) Core(TM) i7-11800H @ 2.30GHz, 16 cores, 15G,  Windows 11 , 64 bit Build 26100 (10.0.26100.6725)
Time: Wed Nov  5 23:47:20 2025 India Standard Time elapsed time: 1230.928137 seconds (0d 0h 20m 30s)

---------------  T H R E A D  ---------------

Current thread (0x0000024375a441e0):  JavaThread "restartedMain"        [_thread_in_Java, id=21632, stack(0x0000006863200000,0x0000006863300000) (1024K)]

Stack: [0x0000006863200000,0x0000006863300000],  sp=0x00000068632fd458,  free space=1013k
Native frames: (J=compiled Java code, j=interpreted, Vv=VM code, C=native code)
C  0x0000024320daae53

The last pc belongs to _linkToSpecial (printed below).

siginfo: EXCEPTION_ACCESS_VIOLATION (0xc0000005), reading address 0xffffffffffffffff


Registers:
RAX=0x0000024320d79086, RBX=0xe18d07de00000000, RCX=0x00000068632fd460, RDX=0x0000000000000002
RSP=0x00000068632fd458, RBP=0x00000068632fd4a8, RSI=0x0000024372504c48, RDI=0x000002437256d570
R8 =0x0000000000000004, R9 =0x0000000000000004, R10=0x00007ff996425340, R11=0x000002432d0b5da0
R12=0x0000000000000000, R13=0x00000068632fd458, R14=0x00000068632fd4c8, R15=0x0000024375a441e0
RIP=0x0000024320daae53, EFLAGS=0x0000000000010246

XMM[0]=0x0000000000000000 0x0000000000000000
XMM[1]=0x0000000000000000 0x0000000000000000
XMM[2]=0x0000000000000000 0x0000000000000000
XMM[3]=0x0000000000000000 0x0000000000000000
XMM[4]=0x0000000000000000 0x0000000000000000
XMM[5]=0x0000000000000000 0x0000000000000000
XMM[6]=0x0000000000000000 0x0000000000000000
XMM[7]=0x0000000000000000 0x0000000000000000
XMM[8]=0x0000000000000000 0x0000000000000000
XMM[9]=0x0000000000000000 0x0000000000000000
XMM[10]=0x0000000000000000 0x0000000000000000
XMM[11]=0x0000000000000000 0x0000000000000000
XMM[12]=0x0000000000000000 0x0000000000000000
XMM[13]=0x0000000000000000 0x0000000000000000
XMM[14]=0x0000000000000000 0x0000000000000000
XMM[15]=0x0000000000000000 0x0000000000000000
  MXCSR=0x00001fa0


Register to memory mapping:

RAX=0x0000024320d79086 is at code_begin+3078 in an Interpreter codelet
return entry points  [0x0000024320d78480, 0x0000024320d7a298]  7704 bytes
RBX=0xe18d07de00000000 is an unknown value
RCX=0x00000068632fd460 is pointing into the stack for thread: 0x0000024375a441e0
RDX=0x0000000000000002 is an unknown value
RSP=0x00000068632fd458 is pointing into the stack for thread: 0x0000024375a441e0
RBP=0x00000068632fd4a8 is pointing into the stack for thread: 0x0000024375a441e0
RSI=0x0000024372504c48 points into unknown readable memory: 0x80002b001108ff48 | 48 ff 08 11 00 2b 00 80
RDI=0x000002437256d570 points into unknown readable memory: 0x0000001800000070 | 70 00 00 00 18 00 00 00
R8 =0x0000000000000004 is an unknown value
R9 =0x0000000000000004 is an unknown value
R10=0x00007ff996425340 jvm.dll
R11={method} {0x000002432d0b5da8} 'newInvokeSpecial' '(Ljava/lang/Object;)Ljava/lang/Object;' in 'java/lang/invoke/DirectMethodHandle$Holder'
R12=0x0 is null
R13=0x00000068632fd458 is pointing into the stack for thread: 0x0000024375a441e0
R14=0x00000068632fd4c8 is pointing into the stack for thread: 0x0000024375a441e0
R15=0x0000024375a441e0 is a thread

Top of Stack: (sp=0x00000068632fd458)
0x00000068632fd458:   0000024320d79086 00000068632fd460
0x00000068632fd468:   000002432d72b44f 0000000000000004
0x00000068632fd478:   000002432d0b1258 000000071185f6c8
0x00000068632fd488:   0000000704a255f0 000002432d0b5da0
0x00000068632fd498:   00000068632fd458 00000068632fd4d0
0x00000068632fd4a8:   00000068632fe970 00000243211fbe4b
0x00000068632fd4b8:   000000070c683df8 000000070c683ea0
0x00000068632fd4c8:   000000070c683e58 000000070c683bb8
0x00000068632fd4d8:   0000000704a72640 00000068632fe970
0x00000068632fd4e8:   00000243218d690c 000000070c67bd20
0x00000068632fd4f8:   0000000712600170 0000000712600300
0x00000068632fd508:   0000000704a72688 0000024372ae3100
0x00000068632fd518:   00000068632fad30 00000068632faf80
0x00000068632fd528:   000002432119216c 000000070c67bd80
0x00000068632fd538:   00007ff9959050ef 00007ffa064903a0
0x00000068632fd548:   0000000704a24a40 000000071185f6c8
0x00000068632fd558:   000000070c683a80 000000070c683a80
0x00000068632fd568:   000000070c683bb8 000000070c683e88
0x00000068632fd578:   000000070c683c10 000000071185f6c8
0x00000068632fd588:   0000000000000001 00000068632fe970
0x00000068632fd598:   0000024300000000 0000000000000000
0x00000068632fd5a8:   0000000000000000 000000070c683e58
0x00000068632fd5b8:   00000243211f705c 0000000000000000
0x00000068632fd5c8:   0000000000000000 0000000000000000
0x00000068632fd5d8:   0000000000000000 0000024375a441e0
0x00000068632fd5e8:   0000000000000000 000000070c683bb8
0x00000068632fd5f8:   0000000000000000 000000070c683a80
0x00000068632fd608:   000000070c683e88 000000070c683bb8
0x00000068632fd618:   0000000000000000 0000000000000000
0x00000068632fd628:   00000243211fb36c 00000068632fe970
0x00000068632fd638:   00000243211f68ea 0000000000000000
0x00000068632fd648:   0000024321043fa9 0000000000000000 

Instructions: (pc=0x0000024320daae53)
0x0000024320daad53:   00 00 00 74 03 ff 63 38 ff 63 50 e9 9d 16 00 00
0x0000024320daad63:   66 66 66 0f 1f 84 00 00 00 00 00 66 66 66 90 66
0x0000024320daad73:   66 0f 1f 84 00 00 00 00 00 66 66 66 90 48 8b 53
0x0000024320daad83:   08 0f b7 52 2e 48 8b 0c d4 58 5b 50 44 8b 51 08
0x0000024320daad93:   49 bb 00 00 00 2d 43 02 00 00 4d 03 d3 4c 8b 5b
0x0000024320daada3:   10 4b 8b 9c da d0 01 00 00 48 85 db 0f 84 10 00
0x0000024320daadb3:   00 00 41 80 bf d8 05 00 00 00 74 03 ff 63 38 ff
0x0000024320daadc3:   63 50 e9 36 16 00 00 66 66 66 0f 1f 84 00 00 00
0x0000024320daadd3:   00 00 66 66 66 90 0f 1f 80 00 00 00 00 58 5b 50
0x0000024320daade3:   8b 5b 24 48 c1 e3 03 48 8b 5b 10 48 85 db 0f 84
0x0000024320daadf3:   10 00 00 00 41 80 bf d8 05 00 00 00 74 03 ff 63
0x0000024320daae03:   38 ff 63 50 e9 f4 15 00 00 66 66 66 0f 1f 84 00
0x0000024320daae13:   00 00 00 00 66 66 66 90 0f 1f 44 00 00 48 8b 53
0x0000024320daae23:   08 0f b7 52 2e 48 8b 0c d4 58 5b 50 48 3b 01 8b
0x0000024320daae33:   5b 24 48 c1 e3 03 48 8b 5b 10 48 85 db 0f 84 10
0x0000024320daae43:   00 00 00 41 80 bf d8 05 00 00 00 74 03 ff 63 38
0x0000024320daae53:   ff 63 50 e9 a5 15 00 00 0f 1f 44 00 00 48 8b 53
0x0000024320daae63:   08 0f b7 52 2e 48 8b 0c d4 58 5b 50 44 8b 51 08
0x0000024320daae73:   49 bb 00 00 00 2d 43 02 00 00 4d 03 d3 8b 43 18
0x0000024320daae83:   48 c1 e0 03 48 8b 40 10 48 8b 5b 10 45 8b 9a ac
0x0000024320daae93:   00 00 00 4f 8d 9c da d0 01 00 00 4d 8d 14 da 49
0x0000024320daaea3:   8b 1b 48 3b c3 74 15 48 85 db 0f 84 32 00 00 00
0x0000024320daaeb3:   49 83 c3 10 49 8b 1b 48 3b c3 75 eb 45 8b 5b 08
0x0000024320daaec3:   4b 8b 1c 1a 48 85 db 0f 84 10 00 00 00 41 80 bf
0x0000024320daaed3:   d8 05 00 00 00 74 03 ff 63 38 ff 63 50 e9 1b 15
0x0000024320daaee3:   00 00 e9 16 12 00 00 f4 00 00 00 00 00 00 00 00
0x0000024320daaef3:   00 00 00 00 00 00 00 00 00 00 00 00 00 00 00 00
0x0000024320daaf03:   00 00 00 00 00 00 00 00 00 00 00 00 00 00 00 00
0x0000024320daaf13:   00 00 00 00 00 00 00 00 00 00 00 00 00 00 00 00
0x0000024320daaf23:   00 00 00 00 00 00 00 00 00 00 00 00 00 00 00 00
0x0000024320daaf33:   00 00 00 00 00 00 00 00 00 00 00 00 00 00 00 00
0x0000024320daaf43:   00 00 00 00 00 00 00 00 00 00 00 00 00 00 00 00 


Stack slot to memory mapping:

stack at sp + 0 slots: 0x0000024320d79086 is at code_begin+3078 in an Interpreter codelet
return entry points  [0x0000024320d78480, 0x0000024320d7a298]  7704 bytes
stack at sp + 1 slots: 0x00000068632fd460 is pointing into the stack for thread: 0x0000024375a441e0
stack at sp + 2 slots: 0x000002432d72b44f is pointing into metadata
stack at sp + 3 slots: 0x0000000000000004 is an unknown value
stack at sp + 4 slots: 0x000002432d0b1258 is pointing into metadata
stack at sp + 5 slots: 0x000000071185f6c8 is an oop: java.lang.Class 
{0x000000071185f6c8} - klass: 'java/lang/Class'
 - ---- fields (total size 14 words):
 - private volatile transient 'classRedefinedCount' 'I' @12  0 (0x00000000)
 - injected 'klass' 'J' @16  2487561311256 (0x000002432e355418)
 - injected 'array_klass' 'J' @24  0 (0x0000000000000000)
 - injected 'oop_size' 'I' @32  14 (0x0000000e)
 - injected 'static_oop_field_count' 'I' @36  0 (0x00000000)
 - private volatile transient 'cachedConstructor' 'Ljava/lang/reflect/Constructor;' @40  null (0x00000000)
 - private transient 'name' 'Ljava/lang/String;' @44  "com.hogwarts.orderservice.controller.OrderController"{0x00000007058efc48} (0xe0b1df89)
 - private transient 'module' 'Ljava/lang/Module;' @48  a 'java/lang/Module'{0x0000000712600300} (0xe24c0060)
 - private final 'classLoader' 'Ljava/lang/ClassLoader;' @52  a 'org/springframework/boot/devtools/restart/classloader/RestartClassLoader'{0x0000000712600170} (0xe24c002e)
 - private transient 'classData' 'Ljava/lang/Object;' @56  null (0x00000000)
 - private transient 'packageName' 'Ljava/lang/String;' @60  "com.hogwarts.orderservice.controller"{0x00000007058efca8} (0xe0b1df95)
 - private final 'componentType' 'Ljava/lang/Class;' @64  null (0x00000000)
 - private volatile transient 'reflectionData' 'Ljava/lang/ref/SoftReference;' @68  a 'java/lang/ref/SoftReference'{0x000000070e9f94b8} (0xe1d3f297)
 - private volatile transient 'genericInfo' 'Lsun/reflect/generics/repository/ClassRepository;' @72  null (0x00000000)
 - private volatile transient 'enumConstants' '[Ljava/lang/Object;' @76  null (0x00000000)
 - private volatile transient 'enumConstantDirectory' 'Ljava/util/Map;' @80  null (0x00000000)
 - private volatile transient 'annotationData' 'Ljava/lang/Class$AnnotationData;' @84  a 'java/lang/Class$AnnotationData'{0x000000070e9fa070} (0xe1d3f40e)
 - private volatile transient 'annotationType' 'Lsun/reflect/annotation/AnnotationType;' @88  null (0x00000000)
 - transient 'classValueMap' 'Ljava/lang/ClassValue$ClassValueMap;' @92  null (0x00000000)
 - injected 'protection_domain' 'Ljava/lang/Object;' @96  a 'java/security/ProtectionDomain'{0x0000000712612060} (0xe24c240c)
 - injected 'signers_name' 'Ljava/lang/Object;' @100  null (0x00000000)
 - injected 'source_file' 'Ljava/lang/Object;' @104  null (0x00000000)
 - injected '<init_lock>' 'Ljava/lang/Object;' @108  null (0x00000000)
 - signature: Lcom/hogwarts/orderservice/controller/OrderController;
 - ---- static fields (0):
stack at sp + 6 slots: 0x0000000704a255f0 is an oop: java.lang.Class 
{0x0000000704a255f0} - klass: 'java/lang/Class'
 - ---- fields (total size 14 words):
 - private volatile transient 'classRedefinedCount' 'I' @12  0 (0x00000000)
 - injected 'klass' 'J' @16  2487541763616 (0x000002432d0b0e20)
 - injected 'array_klass' 'J' @24  0 (0x0000000000000000)
 - injected 'oop_size' 'I' @32  14 (0x0000000e)
 - injected 'static_oop_field_count' 'I' @36  0 (0x00000000)
 - private volatile transient 'cachedConstructor' 'Ljava/lang/reflect/Constructor;' @40  null (0x00000000)
 - private transient 'name' 'Ljava/lang/String;' @44  null (0x00000000)
 - private transient 'module' 'Ljava/lang/Module;' @48  a 'java/lang/Module'{0x0000000704a1b638} (0xe09436c7)
 - private final 'classLoader' 'Ljava/lang/ClassLoader;' @52  null (0x00000000)
 - private transient 'classData' 'Ljava/lang/Object;' @56  null (0x00000000)
 - private transient 'packageName' 'Ljava/lang/String;' @60  null (0x00000000)
 - private final 'componentType' 'Ljava/lang/Class;' @64  null (0x00000000)
 - private volatile transient 'reflectionData' 'Ljava/lang/ref/SoftReference;' @68  null (0x00000000)
 - private volatile transient 'genericInfo' 'Lsun/reflect/generics/repository/ClassRepository;' @72  null (0x00000000)
 - private volatile transient 'enumConstants' '[Ljava/lang/Object;' @76  null (0x00000000)
 - private volatile transient 'enumConstantDirectory' 'Ljava/util/Map;' @80  null (0x00000000)
 - private volatile transient 'annotationData' 'Ljava/lang/Class$AnnotationData;' @84  null (0x00000000)
 - private volatile transient 'annotationType' 'Lsun/reflect/annotation/AnnotationType;' @88  null (0x00000000)
 - transient 'classValueMap' 'Ljava/lang/ClassValue$ClassValueMap;' @92  null (0x00000000)
 - injected 'protection_domain' 'Ljava/lang/Object;' @96  null (0x00000000)
 - injected 'signers_name' 'Ljava/lang/Object;' @100  null (0x00000000)
 - injected 'source_file' 'Ljava/lang/Object;' @104  null (0x00000000)
 - injected '<init_lock>' 'Ljava/lang/Object;' @108  null (0x00000000)
 - signature: Ljava/lang/invoke/DirectMethodHandle$Holder;
 - ---- static fields (0):
stack at sp + 7 slots: {method} {0x000002432d0b5da8} 'newInvokeSpecial' '(Ljava/lang/Object;)Ljava/lang/Object;' in 'java/lang/invoke/DirectMethodHandle$Holder'

MethodHandle::interpreter_entry::_linkToSpecial [0x0000024320daae0c, 0x0000024320daae5b] (79 bytes)
[MachCode]
  0x0000024320daae0c: 6666 660f | 1f84 0000 | 0000 0066 | 6666 900f | 1f44 0000 | 488b 5308 | 0fb7 522e | 488b 0cd4 
  0x0000024320daae2c: 585b 5048 | 3b01 8b5b | 2448 c1e3 | 0348 8b5b | 1048 85db | 0f84 1000 | 0000 4180 | bfd8 0500 
  0x0000024320daae4c: 0000 7403 | ff63 38ff | 6350 e9a5 | 
[/MachCode]

---------------  P R O C E S S  ---------------

Threads class SMR info:
_java_thread_list=0x00000243745548e0, length=31, elements={
0x000002432bed5250, 0x000002432bed8ac0, 0x000002432bedd5e0, 0x000002432bede160,
0x000002432bee8770, 0x000002432beeae70, 0x000002432c330080, 0x000002432c477400,
0x000002432c4f9390, 0x000002432c504bc0, 0x000002432c507250, 0x0000024372410a70,
0x0000024372699520, 0x00000243726b60e0, 0x00000243726bd1c0, 0x0000024372deb790,
0x0000024372ded210, 0x0000024372e0dab0, 0x0000024372e10210, 0x0000024375a41a80,
0x0000024374debc20, 0x0000024374dec2b0, 0x0000024374de8e30, 0x00000243731d4130,
0x00000243731d47c0, 0x0000024374dea870, 0x0000024375a441e0, 0x0000024375a427a0,
0x0000024375a434c0, 0x0000024375a42e30, 0x0000024375a40d60
}

Java Threads: ( => current thread )
  0x000002432bed5250 JavaThread "Reference Handler"          daemon [_thread_blocked, id=11276, stack(0x0000006863d00000,0x0000006863e00000) (1024K)]
  0x000002432bed8ac0 JavaThread "Finalizer"                  daemon [_thread_blocked, id=37868, stack(0x0000006863e00000,0x0000006863f00000) (1024K)]
  0x000002432bedd5e0 JavaThread "Signal Dispatcher"          daemon [_thread_blocked, id=21940, stack(0x0000006863f00000,0x0000006864000000) (1024K)]
  0x000002432bede160 JavaThread "Attach Listener"            daemon [_thread_blocked, id=10296, stack(0x0000006864000000,0x0000006864100000) (1024K)]
  0x000002432bee8770 JavaThread "Service Thread"             daemon [_thread_blocked, id=17304, stack(0x0000006864100000,0x0000006864200000) (1024K)]
  0x000002432beeae70 JavaThread "Monitor Deflation Thread"   daemon [_thread_blocked, id=36584, stack(0x0000006864200000,0x0000006864300000) (1024K)]
  0x000002432c330080 JavaThread "C1 CompilerThread0"         daemon [_thread_blocked, id=5516, stack(0x0000006864300000,0x0000006864400000) (1024K)]
  0x000002432c477400 JavaThread "Common-Cleaner"             daemon [_thread_blocked, id=12596, stack(0x0000006864500000,0x0000006864600000) (1024K)]
  0x000002432c4f9390 JavaThread "JDWP Transport Listener: dt_socket" daemon [_thread_blocked, id=7516, stack(0x0000006864700000,0x0000006864800000) (1024K)]
  0x000002432c504bc0 JavaThread "JDWP Event Helper Thread"   daemon [_thread_blocked, id=37676, stack(0x0000006864800000,0x0000006864900000) (1024K)]
  0x000002432c507250 JavaThread "JDWP Command Reader"        daemon [_thread_in_native, id=33328, stack(0x0000006864900000,0x0000006864a00000) (1024K)]
  0x0000024372410a70 JavaThread "Notification Thread"        daemon [_thread_blocked, id=20384, stack(0x0000006864b00000,0x0000006864c00000) (1024K)]
  0x0000024372699520 JavaThread "RMI TCP Accept-0"           daemon [_thread_in_native, id=38896, stack(0x0000006865300000,0x0000006865400000) (1024K)]
  0x00000243726b60e0 JavaThread "RMI TCP Accept-51487"       daemon [_thread_in_native, id=35236, stack(0x0000006865400000,0x0000006865500000) (1024K)]
  0x00000243726bd1c0 JavaThread "RMI TCP Accept-0"           daemon [_thread_in_native, id=26572, stack(0x0000006865500000,0x0000006865600000) (1024K)]
  0x0000024372deb790 JavaThread "RMI Scheduler(0)"           daemon [_thread_blocked, id=34956, stack(0x0000006866000000,0x0000006866100000) (1024K)]
  0x0000024372ded210 JavaThread "RMI TCP Connection(25)-127.0.0.1" daemon [_thread_in_native, id=39888, stack(0x0000006866100000,0x0000006866200000) (1024K)]
  0x0000024372e0dab0 JavaThread "JMX server connection timeout 57" daemon [_thread_blocked, id=11124, stack(0x0000006866200000,0x0000006866300000) (1024K)]
  0x0000024372e10210 JavaThread "mysql-cj-abandoned-connection-cleanup" daemon [_thread_blocked, id=39188, stack(0x0000006866900000,0x0000006866a00000) (1024K)]
  0x0000024375a41a80 JavaThread "spectator-gauge-polling-0"  daemon [_thread_blocked, id=10328, stack(0x0000006866f00000,0x0000006867000000) (1024K)]
  0x0000024374debc20 JavaThread "DestroyJavaVM"                     [_thread_blocked, id=18456, stack(0x0000006863500000,0x0000006863600000) (1024K)]
  0x0000024374dec2b0 JavaThread "RMI TCP Connection(4)-127.0.0.1" daemon [_thread_in_native, id=29048, stack(0x0000006865b00000,0x0000006865c00000) (1024K)]
  0x0000024374de8e30 JavaThread "JMX server connection timeout 281" daemon [_thread_blocked, id=18492, stack(0x0000006868000000,0x0000006868100000) (1024K)]
  0x00000243731d4130 JavaThread "boundedElastic-evictor-1"   daemon [_thread_blocked, id=25584, stack(0x0000006866500000,0x0000006866600000) (1024K)]
  0x00000243731d47c0 JavaThread "pool-4-thread-1"            daemon [_thread_blocked, id=20528, stack(0x0000006866600000,0x0000006866700000) (1024K)]
  0x0000024374dea870 JavaThread "Thread-31"                         [_thread_blocked, id=23664, stack(0x0000006865a00000,0x0000006865b00000) (1024K)]
=>0x0000024375a441e0 JavaThread "restartedMain"                     [_thread_in_Java, id=21632, stack(0x0000006863200000,0x0000006863300000) (1024K)]
  0x0000024375a427a0 JavaThread "Catalina-utility-1"                [_thread_blocked, id=16576, stack(0x0000006863300000,0x0000006863400000) (1024K)]
  0x0000024375a434c0 JavaThread "Catalina-utility-2"                [_thread_blocked, id=34560, stack(0x0000006863400000,0x0000006863500000) (1024K)]
  0x0000024375a42e30 JavaThread "container-0"                       [_thread_blocked, id=33696, stack(0x0000006864600000,0x0000006864700000) (1024K)]
  0x0000024375a40d60 JavaThread "HikariPool-7:housekeeper"   daemon [_thread_blocked, id=24808, stack(0x0000006864a00000,0x0000006864b00000) (1024K)]
Total: 31

Other Threads:
  0x000002432beb9d60 VMThread "VM Thread"                           [id=17120, stack(0x0000006863c00000,0x0000006863d00000) (1024K)]
  0x000002432bea9960 WatcherThread "VM Periodic Task Thread"        [id=11408, stack(0x0000006863b00000,0x0000006863c00000) (1024K)]
  0x000002431d44f930 WorkerThread "GC Thread#0"                     [id=22688, stack(0x0000006863600000,0x0000006863700000) (1024K)]
  0x0000024372520db0 WorkerThread "GC Thread#1"                     [id=21760, stack(0x0000006864c00000,0x0000006864d00000) (1024K)]
  0x0000024372521150 WorkerThread "GC Thread#2"                     [id=17864, stack(0x0000006864d00000,0x0000006864e00000) (1024K)]
  0x00000243725214f0 WorkerThread "GC Thread#3"                     [id=5724, stack(0x0000006864e00000,0x0000006864f00000) (1024K)]
  0x0000024372521890 WorkerThread "GC Thread#4"                     [id=39780, stack(0x0000006864f00000,0x0000006865000000) (1024K)]
  0x0000024372526c50 WorkerThread "GC Thread#5"                     [id=12520, stack(0x0000006865000000,0x0000006865100000) (1024K)]
  0x0000024372562ae0 WorkerThread "GC Thread#6"                     [id=20540, stack(0x0000006865100000,0x0000006865200000) (1024K)]
  0x000002437256ae90 WorkerThread "GC Thread#7"                     [id=31948, stack(0x0000006865200000,0x0000006865300000) (1024K)]
  0x0000024372929120 WorkerThread "GC Thread#8"                     [id=11368, stack(0x0000006865600000,0x0000006865700000) (1024K)]
  0x00000243729111b0 WorkerThread "GC Thread#9"                     [id=26932, stack(0x0000006865700000,0x0000006865800000) (1024K)]
  0x0000024372967220 WorkerThread "GC Thread#10"                    [id=35796, stack(0x0000006865800000,0x0000006865900000) (1024K)]
  0x0000024372967960 WorkerThread "GC Thread#11"                    [id=6816, stack(0x0000006865900000,0x0000006865a00000) (1024K)]
  0x00000243729675c0 WorkerThread "GC Thread#12"                    [id=27516, stack(0x0000006865c00000,0x0000006865d00000) (1024K)]
  0x000002431d4603e0 ConcurrentGCThread "G1 Main Marker"            [id=4196, stack(0x0000006863700000,0x0000006863800000) (1024K)]
  0x000002431d461c70 WorkerThread "G1 Conc#0"                       [id=28692, stack(0x0000006863800000,0x0000006863900000) (1024K)]
  0x0000024372966e80 WorkerThread "G1 Conc#1"                       [id=276, stack(0x0000006865d00000,0x0000006865e00000) (1024K)]
  0x00000243729687e0 WorkerThread "G1 Conc#2"                       [id=2132, stack(0x0000006865e00000,0x0000006865f00000) (1024K)]
  0x000002432bd79b20 ConcurrentGCThread "G1 Refine#0"               [id=39708, stack(0x0000006863900000,0x0000006863a00000) (1024K)]
  0x000002432bd7b450 ConcurrentGCThread "G1 Service"                [id=21688, stack(0x0000006863a00000,0x0000006863b00000) (1024K)]
Total: 21

Threads with active compile tasks:
Total: 0

VM state: not at safepoint (normal execution)

VM Mutex/Monitor currently owned by a thread: None

Heap address: 0x0000000704400000, size: 4028 MB, Compressed Oops mode: Zero based, Oop shift amount: 3

CDS archive(s) mapped at: [0x000002432d000000-0x000002432dc80000-0x000002432dc80000), size 13107200, SharedBaseAddress: 0x000002432d000000, ArchiveRelocationMode: 1.
Compressed class space mapped at: 0x000002432e000000-0x000002436e000000, reserved size: 1073741824
Narrow klass base: 0x000002432d000000, Narrow klass shift: 0, Narrow klass range: 0x100000000

GC Precious Log:
 CardTable entry size: 512
 Card Set container configuration: InlinePtr #cards 4 size 8 Array Of Cards #cards 16 size 48 Howl #buckets 8 coarsen threshold 3686 Howl Bitmap #cards 512 size 80 coarsen threshold 460 Card regions per heap region 1 cards per card region 4096
 CPUs: 16 total, 16 available
 Memory: 16106M
 Large Page Support: Disabled
 NUMA Support: Disabled
 Compressed Oops: Enabled (Zero based)
 Heap Region Size: 2M
 Heap Min Capacity: 8M
 Heap Initial Capacity: 252M
 Heap Max Capacity: 4028M
 Pre-touch: Disabled
 Parallel Workers: 13
 Concurrent Workers: 3
 Concurrent Refinement Workers: 13
 Periodic GC: Disabled

Heap:
 garbage-first heap   total 233472K, used 164742K [0x0000000704400000, 0x0000000800000000)
  region size 2048K, 51 young (104448K), 0 survivors (0K)
 Metaspace       used 93199K, committed 94272K, reserved 1179648K
  class space    used 13252K, committed 13760K, reserved 1048576K

Heap Regions: E=young(eden), S=young(survivor), O=old, HS=humongous(starts), HC=humongous(continues), CS=collection set, F=free, TAMS=top-at-mark-start, PB=parsable bottom
|   0|0x0000000704400000, 0x00000007045ffff0, 0x0000000704600000| 99%| O|  |TAMS 0x0000000704400000| PB 0x0000000704400000| Untracked 
|   1|0x0000000704600000, 0x0000000704800000, 0x0000000704800000|100%| O|  |TAMS 0x0000000704600000| PB 0x0000000704600000| Untracked 
|   2|0x0000000704800000, 0x0000000704a00000, 0x0000000704a00000|100%| O|  |TAMS 0x0000000704800000| PB 0x0000000704800000| Untracked 
|   3|0x0000000704a00000, 0x0000000704bfffe8, 0x0000000704c00000| 99%| O|  |TAMS 0x0000000704a00000| PB 0x0000000704a00000| Untracked 
|   4|0x0000000704c00000, 0x0000000704dfffd8, 0x0000000704e00000| 99%| O|  |TAMS 0x0000000704c00000| PB 0x0000000704c00000| Untracked 
|   5|0x0000000704e00000, 0x0000000704ffea80, 0x0000000705000000| 99%| O|  |TAMS 0x0000000704e00000| PB 0x0000000704e00000| Untracked 
|   6|0x0000000705000000, 0x00000007051ffea8, 0x0000000705200000| 99%| O|  |TAMS 0x0000000705000000| PB 0x0000000705000000| Untracked 
|   7|0x0000000705200000, 0x0000000705400000, 0x0000000705400000|100%| O|  |TAMS 0x0000000705200000| PB 0x0000000705200000| Untracked 
|   8|0x0000000705400000, 0x00000007055ffff0, 0x0000000705600000| 99%| O|  |TAMS 0x0000000705400000| PB 0x0000000705400000| Untracked 
|   9|0x0000000705600000, 0x00000007057ffff8, 0x0000000705800000| 99%| O|  |TAMS 0x0000000705600000| PB 0x0000000705600000| Untracked 
|  10|0x0000000705800000, 0x00000007059ffff0, 0x0000000705a00000| 99%| O|  |TAMS 0x0000000705800000| PB 0x0000000705800000| Untracked 
|  11|0x0000000705a00000, 0x0000000705bfffe0, 0x0000000705c00000| 99%| O|  |TAMS 0x0000000705a00000| PB 0x0000000705a00000| Untracked 
|  12|0x0000000705c00000, 0x0000000705dffff0, 0x0000000705e00000| 99%| O|  |TAMS 0x0000000705c00000| PB 0x0000000705c00000| Untracked 
|  13|0x0000000705e00000, 0x0000000706000000, 0x0000000706000000|100%| O|  |TAMS 0x0000000705e00000| PB 0x0000000705e00000| Untracked 
|  14|0x0000000706000000, 0x0000000706200000, 0x0000000706200000|100%| O|  |TAMS 0x0000000706000000| PB 0x0000000706000000| Untracked 
|  15|0x0000000706200000, 0x0000000706400000, 0x0000000706400000|100%| O|  |TAMS 0x0000000706200000| PB 0x0000000706200000| Untracked 
|  16|0x0000000706400000, 0x00000007065fcdc8, 0x0000000706600000| 99%| O|  |TAMS 0x0000000706400000| PB 0x0000000706400000| Untracked 
|  17|0x0000000706600000, 0x00000007067fff68, 0x0000000706800000| 99%| O|  |TAMS 0x0000000706600000| PB 0x0000000706600000| Untracked 
|  18|0x0000000706800000, 0x00000007069fffe8, 0x0000000706a00000| 99%| O|  |TAMS 0x0000000706800000| PB 0x0000000706800000| Untracked 
|  19|0x0000000706a00000, 0x0000000706bfff18, 0x0000000706c00000| 99%| O|  |TAMS 0x0000000706a00000| PB 0x0000000706a00000| Untracked 
|  20|0x0000000706c00000, 0x0000000706dfd108, 0x0000000706e00000| 99%| O|  |TAMS 0x0000000706c00000| PB 0x0000000706c00000| Untracked 
|  21|0x0000000706e00000, 0x0000000707000000, 0x0000000707000000|100%| O|  |TAMS 0x0000000706e00000| PB 0x0000000706e00000| Untracked 
|  22|0x0000000707000000, 0x00000007071fffe8, 0x0000000707200000| 99%| O|  |TAMS 0x0000000707000000| PB 0x0000000707000000| Untracked 
|  23|0x0000000707200000, 0x00000007073ffff8, 0x0000000707400000| 99%| O|  |TAMS 0x0000000707200000| PB 0x0000000707200000| Untracked 
|  24|0x0000000707400000, 0x00000007075fffd0, 0x0000000707600000| 99%| O|  |TAMS 0x0000000707400000| PB 0x0000000707400000| Untracked 
|  25|0x0000000707600000, 0x00000007077ffff0, 0x0000000707800000| 99%| O|  |TAMS 0x0000000707600000| PB 0x0000000707600000| Untracked 
|  26|0x0000000707800000, 0x00000007078cd8a8, 0x0000000707a00000| 40%| O|  |TAMS 0x0000000707800000| PB 0x0000000707800000| Untracked 
|  27|0x0000000707a00000, 0x0000000707aec138, 0x0000000707c00000| 46%| O|  |TAMS 0x0000000707a00000| PB 0x0000000707a00000| Untracked 
|  28|0x0000000707c00000, 0x0000000707dd7990, 0x0000000707e00000| 92%| O|  |TAMS 0x0000000707c00000| PB 0x0000000707c00000| Untracked 
|  29|0x0000000707e00000, 0x0000000707ff8dc0, 0x0000000708000000| 98%| O|  |TAMS 0x0000000707e00000| PB 0x0000000707e00000| Untracked 
|  30|0x0000000708000000, 0x0000000708060948, 0x0000000708200000| 18%| O|  |TAMS 0x0000000708000000| PB 0x0000000708000000| Untracked 
|  31|0x0000000708200000, 0x000000070837ad40, 0x0000000708400000| 73%| O|  |TAMS 0x0000000708200000| PB 0x0000000708200000| Untracked 
|  32|0x0000000708400000, 0x000000070852d910, 0x0000000708600000| 58%| O|  |TAMS 0x0000000708400000| PB 0x0000000708400000| Untracked 
|  33|0x0000000708600000, 0x00000007087ffff0, 0x0000000708800000| 99%| O|  |TAMS 0x0000000708600000| PB 0x0000000708600000| Untracked 
|  34|0x0000000708800000, 0x0000000708845828, 0x0000000708a00000| 13%| O|  |TAMS 0x0000000708800000| PB 0x0000000708800000| Untracked 
|  35|0x0000000708a00000, 0x0000000708a00000, 0x0000000708c00000|  0%| F|  |TAMS 0x0000000708a00000| PB 0x0000000708a00000| Untracked 
|  36|0x0000000708c00000, 0x0000000708c00000, 0x0000000708e00000|  0%| F|  |TAMS 0x0000000708c00000| PB 0x0000000708c00000| Untracked 
|  37|0x0000000708e00000, 0x0000000708e00000, 0x0000000709000000|  0%| F|  |TAMS 0x0000000708e00000| PB 0x0000000708e00000| Untracked 
|  38|0x0000000709000000, 0x0000000709000000, 0x0000000709200000|  0%| F|  |TAMS 0x0000000709000000| PB 0x0000000709000000| Untracked 
|  39|0x0000000709200000, 0x0000000709200000, 0x0000000709400000|  0%| F|  |TAMS 0x0000000709200000| PB 0x0000000709200000| Untracked 
|  40|0x0000000709400000, 0x0000000709400000, 0x0000000709600000|  0%| F|  |TAMS 0x0000000709400000| PB 0x0000000709400000| Untracked 
|  41|0x0000000709600000, 0x0000000709610c98, 0x0000000709800000|  3%| O|  |TAMS 0x0000000709600000| PB 0x0000000709600000| Untracked 
|  42|0x0000000709800000, 0x0000000709800000, 0x0000000709a00000|  0%| F|  |TAMS 0x0000000709800000| PB 0x0000000709800000| Untracked 
|  43|0x0000000709a00000, 0x0000000709a00000, 0x0000000709c00000|  0%| F|  |TAMS 0x0000000709a00000| PB 0x0000000709a00000| Untracked 
|  44|0x0000000709c00000, 0x0000000709c00000, 0x0000000709e00000|  0%| F|  |TAMS 0x0000000709c00000| PB 0x0000000709c00000| Untracked 
|  45|0x0000000709e00000, 0x0000000709e00000, 0x000000070a000000|  0%| F|  |TAMS 0x0000000709e00000| PB 0x0000000709e00000| Untracked 
|  46|0x000000070a000000, 0x000000070a000000, 0x000000070a200000|  0%| F|  |TAMS 0x000000070a000000| PB 0x000000070a000000| Untracked 
|  47|0x000000070a200000, 0x000000070a200000, 0x000000070a400000|  0%| F|  |TAMS 0x000000070a200000| PB 0x000000070a200000| Untracked 
|  48|0x000000070a400000, 0x000000070a400000, 0x000000070a600000|  0%| F|  |TAMS 0x000000070a400000| PB 0x000000070a400000| Untracked 
|  49|0x000000070a600000, 0x000000070a600000, 0x000000070a800000|  0%| F|  |TAMS 0x000000070a600000| PB 0x000000070a600000| Untracked 
|  50|0x000000070a800000, 0x000000070a800000, 0x000000070aa00000|  0%| F|  |TAMS 0x000000070a800000| PB 0x000000070a800000| Untracked 
|  51|0x000000070aa00000, 0x000000070aa00000, 0x000000070ac00000|  0%| F|  |TAMS 0x000000070aa00000| PB 0x000000070aa00000| Untracked 
|  52|0x000000070ac00000, 0x000000070ac00000, 0x000000070ae00000|  0%| F|  |TAMS 0x000000070ac00000| PB 0x000000070ac00000| Untracked 
|  53|0x000000070ae00000, 0x000000070ae00000, 0x000000070b000000|  0%| F|  |TAMS 0x000000070ae00000| PB 0x000000070ae00000| Untracked 
|  54|0x000000070b000000, 0x000000070b000000, 0x000000070b200000|  0%| F|  |TAMS 0x000000070b000000| PB 0x000000070b000000| Untracked 
|  55|0x000000070b200000, 0x000000070b200000, 0x000000070b400000|  0%| F|  |TAMS 0x000000070b200000| PB 0x000000070b200000| Untracked 
|  56|0x000000070b400000, 0x000000070b400000, 0x000000070b600000|  0%| F|  |TAMS 0x000000070b400000| PB 0x000000070b400000| Untracked 
|  57|0x000000070b600000, 0x000000070b600000, 0x000000070b800000|  0%| F|  |TAMS 0x000000070b600000| PB 0x000000070b600000| Untracked 
|  58|0x000000070b800000, 0x000000070b800000, 0x000000070ba00000|  0%| F|  |TAMS 0x000000070b800000| PB 0x000000070b800000| Untracked 
|  59|0x000000070ba00000, 0x000000070ba00000, 0x000000070bc00000|  0%| F|  |TAMS 0x000000070ba00000| PB 0x000000070ba00000| Untracked 
|  60|0x000000070bc00000, 0x000000070bc00000, 0x000000070be00000|  0%| F|  |TAMS 0x000000070bc00000| PB 0x000000070bc00000| Untracked 
|  61|0x000000070be00000, 0x000000070be00000, 0x000000070c000000|  0%| F|  |TAMS 0x000000070be00000| PB 0x000000070be00000| Untracked 
|  62|0x000000070c000000, 0x000000070c000000, 0x000000070c200000|  0%| F|  |TAMS 0x000000070c000000| PB 0x000000070c000000| Untracked 
|  63|0x000000070c200000, 0x000000070c344238, 0x000000070c400000| 63%| E|  |TAMS 0x000000070c200000| PB 0x000000070c200000| Complete 
|  64|0x000000070c400000, 0x000000070c600000, 0x000000070c600000|100%| E|CS|TAMS 0x000000070c400000| PB 0x000000070c400000| Complete 
|  65|0x000000070c600000, 0x000000070c800000, 0x000000070c800000|100%| E|CS|TAMS 0x000000070c600000| PB 0x000000070c600000| Complete 
|  66|0x000000070c800000, 0x000000070ca00000, 0x000000070ca00000|100%| E|CS|TAMS 0x000000070c800000| PB 0x000000070c800000| Complete 
|  67|0x000000070ca00000, 0x000000070cc00000, 0x000000070cc00000|100%| E|  |TAMS 0x000000070ca00000| PB 0x000000070ca00000| Complete 
|  68|0x000000070cc00000, 0x000000070ce00000, 0x000000070ce00000|100%| E|CS|TAMS 0x000000070cc00000| PB 0x000000070cc00000| Complete 
|  69|0x000000070ce00000, 0x000000070d000000, 0x000000070d000000|100%| E|CS|TAMS 0x000000070ce00000| PB 0x000000070ce00000| Complete 
|  70|0x000000070d000000, 0x000000070d200000, 0x000000070d200000|100%| E|CS|TAMS 0x000000070d000000| PB 0x000000070d000000| Complete 
|  71|0x000000070d200000, 0x000000070d400000, 0x000000070d400000|100%| E|CS|TAMS 0x000000070d200000| PB 0x000000070d200000| Complete 
|  72|0x000000070d400000, 0x000000070d600000, 0x000000070d600000|100%| E|CS|TAMS 0x000000070d400000| PB 0x000000070d400000| Complete 
|  73|0x000000070d600000, 0x000000070d800000, 0x000000070d800000|100%| E|CS|TAMS 0x000000070d600000| PB 0x000000070d600000| Complete 
|  74|0x000000070d800000, 0x000000070da00000, 0x000000070da00000|100%| E|CS|TAMS 0x000000070d800000| PB 0x000000070d800000| Complete 
|  75|0x000000070da00000, 0x000000070dc00000, 0x000000070dc00000|100%| E|CS|TAMS 0x000000070da00000| PB 0x000000070da00000| Complete 
|  76|0x000000070dc00000, 0x000000070de00000, 0x000000070de00000|100%| E|CS|TAMS 0x000000070dc00000| PB 0x000000070dc00000| Complete 
|  77|0x000000070de00000, 0x000000070e000000, 0x000000070e000000|100%| E|CS|TAMS 0x000000070de00000| PB 0x000000070de00000| Complete 
|  78|0x000000070e000000, 0x000000070e200000, 0x000000070e200000|100%| E|CS|TAMS 0x000000070e000000| PB 0x000000070e000000| Complete 
|  79|0x000000070e200000, 0x000000070e400000, 0x000000070e400000|100%| E|CS|TAMS 0x000000070e200000| PB 0x000000070e200000| Complete 
|  80|0x000000070e400000, 0x000000070e600000, 0x000000070e600000|100%| E|CS|TAMS 0x000000070e400000| PB 0x000000070e400000| Complete 
|  81|0x000000070e600000, 0x000000070e800000, 0x000000070e800000|100%| E|CS|TAMS 0x000000070e600000| PB 0x000000070e600000| Complete 
|  82|0x000000070e800000, 0x000000070ea00000, 0x000000070ea00000|100%| E|CS|TAMS 0x000000070e800000| PB 0x000000070e800000| Complete 
|  83|0x000000070ea00000, 0x000000070ec00000, 0x000000070ec00000|100%| E|CS|TAMS 0x000000070ea00000| PB 0x000000070ea00000| Complete 
|  84|0x000000070ec00000, 0x000000070ee00000, 0x000000070ee00000|100%| E|CS|TAMS 0x000000070ec00000| PB 0x000000070ec00000| Complete 
|  85|0x000000070ee00000, 0x000000070f000000, 0x000000070f000000|100%| E|CS|TAMS 0x000000070ee00000| PB 0x000000070ee00000| Complete 
|  86|0x000000070f000000, 0x000000070f200000, 0x000000070f200000|100%| E|CS|TAMS 0x000000070f000000| PB 0x000000070f000000| Complete 
|  87|0x000000070f200000, 0x000000070f400000, 0x000000070f400000|100%| E|CS|TAMS 0x000000070f200000| PB 0x000000070f200000| Complete 
|  88|0x000000070f400000, 0x000000070f600000, 0x000000070f600000|100%| E|CS|TAMS 0x000000070f400000| PB 0x000000070f400000| Complete 
|  89|0x000000070f600000, 0x000000070f800000, 0x000000070f800000|100%| E|CS|TAMS 0x000000070f600000| PB 0x000000070f600000| Complete 
|  90|0x000000070f800000, 0x000000070fa00000, 0x000000070fa00000|100%| E|CS|TAMS 0x000000070f800000| PB 0x000000070f800000| Complete 
|  91|0x000000070fa00000, 0x000000070fc00000, 0x000000070fc00000|100%| E|CS|TAMS 0x000000070fa00000| PB 0x000000070fa00000| Complete 
|  92|0x000000070fc00000, 0x000000070fe00000, 0x000000070fe00000|100%| E|CS|TAMS 0x000000070fc00000| PB 0x000000070fc00000| Complete 
|  93|0x000000070fe00000, 0x0000000710000000, 0x0000000710000000|100%| E|CS|TAMS 0x000000070fe00000| PB 0x000000070fe00000| Complete 
|  94|0x0000000710000000, 0x0000000710200000, 0x0000000710200000|100%| E|CS|TAMS 0x0000000710000000| PB 0x0000000710000000| Complete 
|  95|0x0000000710200000, 0x0000000710400000, 0x0000000710400000|100%| E|CS|TAMS 0x0000000710200000| PB 0x0000000710200000| Complete 
|  96|0x0000000710400000, 0x0000000710600000, 0x0000000710600000|100%| E|CS|TAMS 0x0000000710400000| PB 0x0000000710400000| Complete 
|  97|0x0000000710600000, 0x0000000710800000, 0x0000000710800000|100%| E|CS|TAMS 0x0000000710600000| PB 0x0000000710600000| Complete 
|  98|0x0000000710800000, 0x0000000710a00000, 0x0000000710a00000|100%| E|CS|TAMS 0x0000000710800000| PB 0x0000000710800000| Complete 
|  99|0x0000000710a00000, 0x0000000710c00000, 0x0000000710c00000|100%| E|CS|TAMS 0x0000000710a00000| PB 0x0000000710a00000| Complete 
| 100|0x0000000710c00000, 0x0000000710e00000, 0x0000000710e00000|100%| E|CS|TAMS 0x0000000710c00000| PB 0x0000000710c00000| Complete 
| 101|0x0000000710e00000, 0x0000000711000000, 0x0000000711000000|100%| E|CS|TAMS 0x0000000710e00000| PB 0x0000000710e00000| Complete 
| 102|0x0000000711000000, 0x0000000711200000, 0x0000000711200000|100%| E|CS|TAMS 0x0000000711000000| PB 0x0000000711000000| Complete 
| 103|0x0000000711200000, 0x0000000711400000, 0x0000000711400000|100%| E|CS|TAMS 0x0000000711200000| PB 0x0000000711200000| Complete 
| 104|0x0000000711400000, 0x0000000711600000, 0x0000000711600000|100%| E|CS|TAMS 0x0000000711400000| PB 0x0000000711400000| Complete 
| 105|0x0000000711600000, 0x0000000711800000, 0x0000000711800000|100%| E|CS|TAMS 0x0000000711600000| PB 0x0000000711600000| Complete 
| 106|0x0000000711800000, 0x0000000711a00000, 0x0000000711a00000|100%| E|CS|TAMS 0x0000000711800000| PB 0x0000000711800000| Complete 
| 107|0x0000000711a00000, 0x0000000711c00000, 0x0000000711c00000|100%| E|CS|TAMS 0x0000000711a00000| PB 0x0000000711a00000| Complete 
| 108|0x0000000711c00000, 0x0000000711e00000, 0x0000000711e00000|100%| E|CS|TAMS 0x0000000711c00000| PB 0x0000000711c00000| Complete 
| 109|0x0000000711e00000, 0x0000000712000000, 0x0000000712000000|100%| E|CS|TAMS 0x0000000711e00000| PB 0x0000000711e00000| Complete 
| 110|0x0000000712000000, 0x0000000712200000, 0x0000000712200000|100%| E|CS|TAMS 0x0000000712000000| PB 0x0000000712000000| Complete 
| 111|0x0000000712200000, 0x0000000712400000, 0x0000000712400000|100%| E|CS|TAMS 0x0000000712200000| PB 0x0000000712200000| Complete 
| 112|0x0000000712400000, 0x0000000712600000, 0x0000000712600000|100%| E|CS|TAMS 0x0000000712400000| PB 0x0000000712400000| Complete 
| 113|0x0000000712600000, 0x0000000712800000, 0x0000000712800000|100%| E|CS|TAMS 0x0000000712600000| PB 0x0000000712600000| Complete 

Card table byte_map: [0x0000024324bb0000,0x0000024325390000] _byte_map_base: 0x000002432138e000

Marking Bits: (CMBitMap*) 0x000002431d44ff40
 Bits: [0x0000024325390000, 0x0000024329280000)

Polling page: 0x000002431caf0000

Metaspace:

Usage:
  Non-class:     78.07 MB used.
      Class:     12.94 MB used.
       Both:     91.02 MB used.

Virtual space:
  Non-class space:      128.00 MB reserved,      78.62 MB ( 61%) committed,  2 nodes.
      Class space:        1.00 GB reserved,      13.44 MB (  1%) committed,  1 nodes.
             Both:        1.12 GB reserved,      92.06 MB (  8%) committed. 

Chunk freelists:
   Non-Class:  667.00 KB
       Class:  2.52 MB
        Both:  3.17 MB

MaxMetaspaceSize: unlimited
CompressedClassSpaceSize: 1.00 GB
Initial GC threshold: 21.00 MB
Current GC threshold: 153.12 MB
CDS: on
 - commit_granule_bytes: 65536.
 - commit_granule_words: 8192.
 - virtual_space_node_default_size: 8388608.
 - enlarge_chunks_in_place: 1.
 - use_allocation_guard: 0.


Internal statistics:

num_allocs_failed_limit: 9.
num_arena_births: 2454.
num_arena_deaths: 996.
num_vsnodes_births: 3.
num_vsnodes_deaths: 0.
num_space_committed: 1473.
num_space_uncommitted: 0.
num_chunks_returned_to_freelist: 1105.
num_chunks_taken_from_freelist: 6171.
num_chunk_merges: 272.
num_chunk_splits: 4012.
num_chunks_enlarged: 2958.
num_inconsistent_stats: 0.

CodeCache: size=49152Kb used=20339Kb max_used=23116Kb free=28812Kb
 bounds [0x0000024320d70000, 0x0000024322490000, 0x0000024323d70000]
 total_blobs=10495, nmethods=9708, adapters=709, full_count=0
Compilation: enabled, stopped_count=0, restarted_count=0

Compilation events (20 events):
Event: 1208.047 Thread 0x000002437261f6a0 nmethod 14198 0x00000243220eb510 code [0x00000243220eb700, 0x00000243220ebac8]
Event: 1208.047 Thread 0x000002437644c700 nmethod 14199 0x00000243220ea290 code [0x00000243220ea4e0, 0x00000243220eaf30]
Event: 1208.048 Thread 0x000002432c330080 14200       1       java.io.ObjectOutputStream$BlockDataOutputStream::setBlockDataMode (35 bytes)
Event: 1208.048 Thread 0x000002437261f6a0 14201       1       java.lang.StackTraceElement::of (39 bytes)
Event: 1208.048 Thread 0x000002432c330080 nmethod 14200 0x00000243220e9f10 code [0x00000243220ea0c0, 0x00000243220ea208]
Event: 1208.048 Thread 0x000002432c330080 14202       1       java.io.ObjectStreamClass$FieldReflector::getPrimFieldValues (317 bytes)
Event: 1208.048 Thread 0x000002437261f6a0 nmethod 14201 0x00000243220e9790 code [0x00000243220e9960, 0x00000243220e9ce0]
Event: 1208.049 Thread 0x000002432c330080 nmethod 14202 0x00000243220e8110 code [0x00000243220e8360, 0x00000243220e8c50]
Event: 1208.472 Thread 0x000002437644c700 14203       1       java.io.ObjectOutputStream::writeClassDesc (60 bytes)
Event: 1208.473 Thread 0x000002437644c700 nmethod 14203 0x00000243220e7890 code [0x00000243220e7ac0, 0x00000243220e7e58]
Event: 1208.474 Thread 0x000002437644c700 14205       1       java.io.ObjectOutputStream::writeUTF (9 bytes)
Event: 1208.474 Thread 0x000002437261f6a0 14206       1       java.io.ObjectOutputStream$BlockDataOutputStream::writeUTF (11 bytes)
Event: 1208.474 Thread 0x000002437261f6a0 nmethod 14206 0x00000243220e7090 code [0x00000243220e7240, 0x00000243220e7368]
Event: 1208.474 Thread 0x000002437644c700 nmethod 14205 0x00000243220e6c90 code [0x00000243220e6e40, 0x00000243220e6f78]
Event: 1208.475 Thread 0x000002437261f6a0 14207       1       java.io.ObjectStreamClass$FieldReflector::setPrimFieldValues (329 bytes)
Event: 1208.475 Thread 0x000002432c330080 14208       1       java.io.ObjectOutputStream::writeByte (9 bytes)
Event: 1208.476 Thread 0x000002432c330080 nmethod 14208 0x00000243220e6890 code [0x00000243220e6a40, 0x00000243220e6b98]
Event: 1208.476 Thread 0x000002432c330080 14209       1       java.io.ObjectOutputStream::writeHandle (22 bytes)
Event: 1208.476 Thread 0x000002432c330080 nmethod 14209 0x00000243220e6410 code [0x00000243220e65c0, 0x00000243220e6750]
Event: 1208.476 Thread 0x000002437261f6a0 nmethod 14207 0x00000243220e5010 code [0x00000243220e5260, 0x00000243220e5a88]

GC Heap History (20 events):
Event: 1089.002 GC heap before
{Heap before GC invocations=52 (full 3):
 garbage-first heap   total 204800K, used 161732K [0x0000000704400000, 0x0000000800000000)
  region size 2048K, 53 young (108544K), 7 survivors (14336K)
 Metaspace       used 92327K, committed 93440K, reserved 1179648K
  class space    used 13171K, committed 13760K, reserved 1048576K
}
Event: 1089.004 GC heap after
{Heap after GC invocations=53 (full 3):
 garbage-first heap   total 204800K, used 60477K [0x0000000704400000, 0x0000000800000000)
  region size 2048K, 2 young (4096K), 2 survivors (4096K)
 Metaspace       used 92327K, committed 93440K, reserved 1179648K
  class space    used 13171K, committed 13760K, reserved 1048576K
}
Event: 1102.628 GC heap before
{Heap before GC invocations=54 (full 3):
 garbage-first heap   total 204800K, used 80957K [0x0000000704400000, 0x0000000800000000)
  region size 2048K, 13 young (26624K), 2 survivors (4096K)
 Metaspace       used 92338K, committed 93440K, reserved 1179648K
  class space    used 13173K, committed 13760K, reserved 1048576K
}
Event: 1102.662 GC heap after
{Heap after GC invocations=55 (full 4):
 garbage-first heap   total 204800K, used 54462K [0x0000000704400000, 0x0000000800000000)
  region size 2048K, 0 young (0K), 0 survivors (0K)
 Metaspace       used 92338K, committed 93440K, reserved 1179648K
  class space    used 13173K, committed 13760K, reserved 1048576K
}
Event: 1103.322 GC heap before
{Heap before GC invocations=55 (full 4):
 garbage-first heap   total 204800K, used 167102K [0x0000000704400000, 0x0000000800000000)
  region size 2048K, 56 young (114688K), 0 survivors (0K)
 Metaspace       used 92645K, committed 93760K, reserved 1179648K
  class space    used 13197K, committed 13760K, reserved 1048576K
}
Event: 1103.325 GC heap after
{Heap after GC invocations=56 (full 4):
 garbage-first heap   total 204800K, used 61100K [0x0000000704400000, 0x0000000800000000)
  region size 2048K, 4 young (8192K), 4 survivors (8192K)
 Metaspace       used 92645K, committed 93760K, reserved 1179648K
  class space    used 13197K, committed 13760K, reserved 1048576K
}
Event: 1103.457 GC heap before
{Heap before GC invocations=57 (full 4):
 garbage-first heap   total 204800K, used 167596K [0x0000000704400000, 0x0000000800000000)
  region size 2048K, 57 young (116736K), 4 survivors (8192K)
 Metaspace       used 92645K, committed 93760K, reserved 1179648K
  class space    used 13197K, committed 13760K, reserved 1048576K
}
Event: 1103.460 GC heap after
{Heap after GC invocations=58 (full 4):
 garbage-first heap   total 204800K, used 70918K [0x0000000704400000, 0x0000000800000000)
  region size 2048K, 8 young (16384K), 8 survivors (16384K)
 Metaspace       used 92645K, committed 93760K, reserved 1179648K
  class space    used 13197K, committed 13760K, reserved 1048576K
}
Event: 1103.531 GC heap before
{Heap before GC invocations=58 (full 4):
 garbage-first heap   total 204800K, used 165126K [0x0000000704400000, 0x0000000800000000)
  region size 2048K, 55 young (112640K), 8 survivors (16384K)
 Metaspace       used 92645K, committed 93760K, reserved 1179648K
  class space    used 13197K, committed 13760K, reserved 1048576K
}
Event: 1103.536 GC heap after
{Heap after GC invocations=59 (full 4):
 garbage-first heap   total 282624K, used 76602K [0x0000000704400000, 0x0000000800000000)
  region size 2048K, 7 young (14336K), 7 survivors (14336K)
 Metaspace       used 92645K, committed 93760K, reserved 1179648K
  class space    used 13197K, committed 13760K, reserved 1048576K
}
Event: 1152.665 GC heap before
{Heap before GC invocations=59 (full 4):
 garbage-first heap   total 282624K, used 187194K [0x0000000704400000, 0x0000000800000000)
  region size 2048K, 63 young (129024K), 7 survivors (14336K)
 Metaspace       used 92655K, committed 93760K, reserved 1179648K
  class space    used 13201K, committed 13760K, reserved 1048576K
}
Event: 1152.701 GC heap after
{Heap after GC invocations=60 (full 5):
 garbage-first heap   total 233472K, used 59433K [0x0000000704400000, 0x0000000800000000)
  region size 2048K, 0 young (0K), 0 survivors (0K)
 Metaspace       used 92655K, committed 93760K, reserved 1179648K
  class space    used 13201K, committed 13760K, reserved 1048576K
}
Event: 1153.404 GC heap before
{Heap before GC invocations=60 (full 5):
 garbage-first heap   total 233472K, used 182313K [0x0000000704400000, 0x0000000800000000)
  region size 2048K, 61 young (124928K), 0 survivors (0K)
 Metaspace       used 92971K, committed 94080K, reserved 1179648K
  class space    used 13227K, committed 13760K, reserved 1048576K
}
Event: 1153.407 GC heap after
{Heap after GC invocations=61 (full 5):
 garbage-first heap   total 233472K, used 66998K [0x0000000704400000, 0x0000000800000000)
  region size 2048K, 4 young (8192K), 4 survivors (8192K)
 Metaspace       used 92971K, committed 94080K, reserved 1179648K
  class space    used 13227K, committed 13760K, reserved 1048576K
}
Event: 1153.502 GC heap before
{Heap before GC invocations=61 (full 5):
 garbage-first heap   total 233472K, used 187830K [0x0000000704400000, 0x0000000800000000)
  region size 2048K, 64 young (131072K), 4 survivors (8192K)
 Metaspace       used 92971K, committed 94080K, reserved 1179648K
  class space    used 13227K, committed 13760K, reserved 1048576K
}
Event: 1153.507 GC heap after
{Heap after GC invocations=62 (full 5):
 garbage-first heap   total 233472K, used 78414K [0x0000000704400000, 0x0000000800000000)
  region size 2048K, 8 young (16384K), 8 survivors (16384K)
 Metaspace       used 92971K, committed 94080K, reserved 1179648K
  class space    used 13227K, committed 13760K, reserved 1048576K
}
Event: 1153.599 GC heap before
{Heap before GC invocations=62 (full 5):
 garbage-first heap   total 233472K, used 189006K [0x0000000704400000, 0x0000000800000000)
  region size 2048K, 63 young (129024K), 8 survivors (16384K)
 Metaspace       used 92971K, committed 94080K, reserved 1179648K
  class space    used 13227K, committed 13760K, reserved 1048576K
}
Event: 1153.604 GC heap after
{Heap after GC invocations=63 (full 5):
 garbage-first heap   total 233472K, used 92086K [0x0000000704400000, 0x0000000800000000)
  region size 2048K, 7 young (14336K), 7 survivors (14336K)
 Metaspace       used 92971K, committed 94080K, reserved 1179648K
  class space    used 13227K, committed 13760K, reserved 1048576K
}
Event: 1200.676 GC heap before
{Heap before GC invocations=64 (full 5):
 garbage-first heap   total 233472K, used 157622K [0x0000000704400000, 0x0000000800000000)
  region size 2048K, 41 young (83968K), 7 survivors (14336K)
 Metaspace       used 92989K, committed 94080K, reserved 1179648K
  class space    used 13231K, committed 13760K, reserved 1048576K
}
Event: 1200.712 GC heap after
{Heap after GC invocations=65 (full 6):
 garbage-first heap   total 233472K, used 64390K [0x0000000704400000, 0x0000000800000000)
  region size 2048K, 0 young (0K), 0 survivors (0K)
 Metaspace       used 92989K, committed 94080K, reserved 1179648K
  class space    used 13231K, committed 13760K, reserved 1048576K
}

Dll operation events (12 events):
Event: 0.005 Loaded shared library D:\sts-4.32.0.RELEASE\plugins\org.eclipse.justj.openjdk.hotspot.jre.full.win32.x86_64_21.0.8.v20250724-1412\jre\bin\java.dll
Event: 0.022 Loaded shared library D:\sts-4.32.0.RELEASE\plugins\org.eclipse.justj.openjdk.hotspot.jre.full.win32.x86_64_21.0.8.v20250724-1412\jre\bin\zip.dll
Event: 0.206 Loaded shared library D:\sts-4.32.0.RELEASE\plugins\org.eclipse.justj.openjdk.hotspot.jre.full.win32.x86_64_21.0.8.v20250724-1412\jre\bin\instrument.dll
Event: 0.211 Loaded shared library D:\sts-4.32.0.RELEASE\plugins\org.eclipse.justj.openjdk.hotspot.jre.full.win32.x86_64_21.0.8.v20250724-1412\jre\bin\net.dll
Event: 0.212 Loaded shared library D:\sts-4.32.0.RELEASE\plugins\org.eclipse.justj.openjdk.hotspot.jre.full.win32.x86_64_21.0.8.v20250724-1412\jre\bin\nio.dll
Event: 0.215 Loaded shared library D:\sts-4.32.0.RELEASE\plugins\org.eclipse.justj.openjdk.hotspot.jre.full.win32.x86_64_21.0.8.v20250724-1412\jre\bin\zip.dll
Event: 0.329 Loaded shared library D:\sts-4.32.0.RELEASE\plugins\org.eclipse.justj.openjdk.hotspot.jre.full.win32.x86_64_21.0.8.v20250724-1412\jre\bin\jimage.dll
Event: 0.355 Loaded shared library D:\sts-4.32.0.RELEASE\plugins\org.eclipse.justj.openjdk.hotspot.jre.full.win32.x86_64_21.0.8.v20250724-1412\jre\bin\management.dll
Event: 0.362 Loaded shared library D:\sts-4.32.0.RELEASE\plugins\org.eclipse.justj.openjdk.hotspot.jre.full.win32.x86_64_21.0.8.v20250724-1412\jre\bin\management_ext.dll
Event: 0.484 Loaded shared library D:\sts-4.32.0.RELEASE\plugins\org.eclipse.justj.openjdk.hotspot.jre.full.win32.x86_64_21.0.8.v20250724-1412\jre\bin\extnet.dll
Event: 0.498 Loaded shared library D:\sts-4.32.0.RELEASE\plugins\org.eclipse.justj.openjdk.hotspot.jre.full.win32.x86_64_21.0.8.v20250724-1412\jre\bin\verify.dll
Event: 1.252 Loaded shared library D:\sts-4.32.0.RELEASE\plugins\org.eclipse.justj.openjdk.hotspot.jre.full.win32.x86_64_21.0.8.v20250724-1412\jre\bin\sunmscapi.dll

Deoptimization events (20 events):
Event: 1209.085 Thread 0x0000024374dec2b0 DEOPT PACKING pc=0x0000024321d26c4c sp=0x0000006865bfeb40
Event: 1209.085 Thread 0x0000024374dec2b0 DEOPT UNPACKING pc=0x0000024320dc88e2 sp=0x0000006865bfe018 mode 1
Event: 1209.085 Thread 0x0000024374dec2b0 DEOPT PACKING pc=0x00000243219a6e74 sp=0x0000006865bfebd0
Event: 1209.085 Thread 0x0000024374dec2b0 DEOPT UNPACKING pc=0x0000024320dc88e2 sp=0x0000006865bfe148 mode 1
Event: 1209.085 Thread 0x0000024374dec2b0 DEOPT PACKING pc=0x0000024322064004 sp=0x0000006865bfed70
Event: 1209.085 Thread 0x0000024374dec2b0 DEOPT UNPACKING pc=0x0000024320dc88e2 sp=0x0000006865bfe2f8 mode 1
Event: 1211.321 Thread 0x0000024375a441e0 DEOPT PACKING pc=0x00000243211f8834 sp=0x00000068632fd460
Event: 1211.321 Thread 0x0000024375a441e0 DEOPT UNPACKING pc=0x0000024320dc88e2 sp=0x00000068632fc918 mode 0
Event: 1216.330 Thread 0x0000024375a41a80 DEOPT PACKING pc=0x0000024320eec60c sp=0x0000006866fff250
Event: 1216.330 Thread 0x0000024375a41a80 DEOPT UNPACKING pc=0x0000024320dc88e2 sp=0x0000006866ffe6e8 mode 1
Event: 1216.330 Thread 0x0000024375a41a80 DEOPT PACKING pc=0x0000024320eed58c sp=0x0000006866fff380
Event: 1216.330 Thread 0x0000024375a41a80 DEOPT UNPACKING pc=0x0000024320dc88e2 sp=0x0000006866ffe810 mode 1
Event: 1216.330 Thread 0x0000024375a41a80 DEOPT PACKING pc=0x0000024320efcb9c sp=0x0000006866fff3b0
Event: 1216.330 Thread 0x0000024375a41a80 DEOPT UNPACKING pc=0x0000024320dc88e2 sp=0x0000006866ffe8b0 mode 1
Event: 1216.703 Thread 0x0000024375a41a80 DEOPT PACKING pc=0x0000024320eec60c sp=0x0000006866fff250
Event: 1216.703 Thread 0x0000024375a41a80 DEOPT UNPACKING pc=0x0000024320dc88e2 sp=0x0000006866ffe6e8 mode 1
Event: 1216.703 Thread 0x0000024375a41a80 DEOPT PACKING pc=0x0000024320eed58c sp=0x0000006866fff380
Event: 1216.703 Thread 0x0000024375a41a80 DEOPT UNPACKING pc=0x0000024320dc88e2 sp=0x0000006866ffe810 mode 1
Event: 1216.703 Thread 0x0000024375a41a80 DEOPT PACKING pc=0x0000024320efcb9c sp=0x0000006866fff3b0
Event: 1216.703 Thread 0x0000024375a41a80 DEOPT UNPACKING pc=0x0000024320dc88e2 sp=0x0000006866ffe8b0 mode 1

Classes loaded (20 events):
Event: 1066.499 Loading class sun/security/ssl/Alert$AlertConsumer
Event: 1066.499 Loading class sun/security/ssl/Alert$AlertConsumer done
Event: 1066.499 Loading class sun/security/ssl/Alert$Level
Event: 1066.499 Loading class sun/security/ssl/Alert$Level done
Event: 1066.500 Loading class sun/net/ConnectionResetException
Event: 1066.500 Loading class sun/net/ConnectionResetException done
Event: 1069.525 Loading class java/util/WeakHashMap$KeyIterator
Event: 1069.525 Loading class java/util/WeakHashMap$HashIterator
Event: 1069.525 Loading class java/util/WeakHashMap$HashIterator done
Event: 1069.525 Loading class java/util/WeakHashMap$KeyIterator done
Event: 1069.566 Loading class java/lang/ref/Finalizer$2
Event: 1069.567 Loading class java/lang/ref/Finalizer$2 done
Event: 1069.567 Loading class java/lang/ref/Finalizer$1
Event: 1069.567 Loading class java/lang/ref/Finalizer$1 done
Event: 1069.985 Loading class java/util/WeakHashMap$EntrySet
Event: 1069.986 Loading class java/util/WeakHashMap$EntrySet done
Event: 1069.986 Loading class java/util/WeakHashMap$EntryIterator
Event: 1069.986 Loading class java/util/WeakHashMap$EntryIterator done
Event: 1072.772 Loading class java/time/DurationEditor
Event: 1072.772 Loading class java/time/DurationEditor done

Classes unloaded (20 events):
Event: 1080.882 Thread 0x000002432beb9d60 Unloading class 0x000002432e58a400 'java/lang/invoke/LambdaForm$MH+0x000002432e58a400'
Event: 1080.882 Thread 0x000002432beb9d60 Unloading class 0x000002432e57d400 'java/lang/invoke/LambdaForm$MH+0x000002432e57d400'
Event: 1080.882 Thread 0x000002432beb9d60 Unloading class 0x000002432e57cc00 'java/lang/invoke/LambdaForm$MH+0x000002432e57cc00'
Event: 1080.882 Thread 0x000002432beb9d60 Unloading class 0x000002432e57c000 'java/lang/invoke/LambdaForm$MH+0x000002432e57c000'
Event: 1080.882 Thread 0x000002432beb9d60 Unloading class 0x000002432e575000 'java/lang/invoke/LambdaForm$MH+0x000002432e575000'
Event: 1080.882 Thread 0x000002432beb9d60 Unloading class 0x000002432e574400 'java/lang/invoke/LambdaForm$MH+0x000002432e574400'
Event: 1080.882 Thread 0x000002432beb9d60 Unloading class 0x000002432e540800 'java/lang/invoke/LambdaForm$MH+0x000002432e540800'
Event: 1080.882 Thread 0x000002432beb9d60 Unloading class 0x000002432e530c00 'java/lang/invoke/LambdaForm$MH+0x000002432e530c00'
Event: 1080.882 Thread 0x000002432beb9d60 Unloading class 0x000002432e514c00 'java/lang/invoke/LambdaForm$MH+0x000002432e514c00'
Event: 1080.882 Thread 0x000002432beb9d60 Unloading class 0x000002432e50d000 'java/lang/invoke/LambdaForm$MH+0x000002432e50d000'
Event: 1080.882 Thread 0x000002432beb9d60 Unloading class 0x000002432e50c800 'java/lang/invoke/LambdaForm$MH+0x000002432e50c800'
Event: 1080.882 Thread 0x000002432beb9d60 Unloading class 0x000002432e4f9400 'java/lang/invoke/LambdaForm$MH+0x000002432e4f9400'
Event: 1080.882 Thread 0x000002432beb9d60 Unloading class 0x000002432e4f8800 'java/lang/invoke/LambdaForm$MH+0x000002432e4f8800'
Event: 1080.882 Thread 0x000002432beb9d60 Unloading class 0x000002432e4ea400 'java/lang/invoke/LambdaForm$MH+0x000002432e4ea400'
Event: 1080.882 Thread 0x000002432beb9d60 Unloading class 0x000002432e4e9c00 'java/lang/invoke/LambdaForm$MH+0x000002432e4e9c00'
Event: 1080.882 Thread 0x000002432beb9d60 Unloading class 0x000002432e4e9800 'java/lang/invoke/LambdaForm$MH+0x000002432e4e9800'
Event: 1080.882 Thread 0x000002432beb9d60 Unloading class 0x000002432e4e9000 'java/lang/invoke/LambdaForm$MH+0x000002432e4e9000'
Event: 1080.882 Thread 0x000002432beb9d60 Unloading class 0x000002432e4e8800 'java/lang/invoke/LambdaForm$MH+0x000002432e4e8800'
Event: 1080.882 Thread 0x000002432beb9d60 Unloading class 0x000002432e4d8800 'java/lang/invoke/LambdaForm$MH+0x000002432e4d8800'
Event: 1080.882 Thread 0x000002432beb9d60 Unloading class 0x000002432e190400 'java/lang/invoke/LambdaForm$MH+0x000002432e190400'

Classes redefined (0 events):
No events

Internal exceptions (20 events):
Event: 1153.584 Thread 0x00000243731d2d80 Exception <a 'sun/nio/fs/WindowsException'{0x000000070daf84b0}> (0x000000070daf84b0) 
thrown [s\src\hotspot\share\prims\jni.cpp, line 520]
Event: 1153.584 Thread 0x00000243731d2d80 Exception <a 'sun/nio/fs/WindowsException'{0x000000070daf8da8}> (0x000000070daf8da8) 
thrown [s\src\hotspot\share\prims\jni.cpp, line 520]
Event: 1153.584 Thread 0x00000243731d2d80 Exception <a 'sun/nio/fs/WindowsException'{0x000000070daf9048}> (0x000000070daf9048) 
thrown [s\src\hotspot\share\prims\jni.cpp, line 520]
Event: 1153.584 Thread 0x00000243731d2d80 Exception <a 'sun/nio/fs/WindowsException'{0x000000070daf9958}> (0x000000070daf9958) 
thrown [s\src\hotspot\share\prims\jni.cpp, line 520]
Event: 1153.584 Thread 0x00000243731d2d80 Exception <a 'sun/nio/fs/WindowsException'{0x000000070daf9c18}> (0x000000070daf9c18) 
thrown [s\src\hotspot\share\prims\jni.cpp, line 520]
Event: 1153.584 Thread 0x00000243731d2d80 Exception <a 'sun/nio/fs/WindowsException'{0x000000070dafa510}> (0x000000070dafa510) 
thrown [s\src\hotspot\share\prims\jni.cpp, line 520]
Event: 1153.585 Thread 0x00000243731d2d80 Exception <a 'sun/nio/fs/WindowsException'{0x000000070dafa7c8}> (0x000000070dafa7c8) 
thrown [s\src\hotspot\share\prims\jni.cpp, line 520]
Event: 1200.667 Thread 0x0000024374de94c0 Exception <a 'java/net/SocketException'{0x000000070e5360c0}: Connection reset by peer: shutdown> (0x000000070e5360c0) 
thrown [s\src\hotspot\share\prims\jni.cpp, line 539]
Event: 1200.675 Thread 0x00000243731d19d0 Exception <a 'java/lang/InterruptedException'{0x000000070e575a78}: sleep interrupted> (0x000000070e575a78) 
thrown [s\src\hotspot\share\prims\jvm.cpp, line 3074]
Event: 1200.720 Thread 0x0000024375a441e0 Exception <a 'sun/nio/fs/WindowsException'{0x000000071269dca0}> (0x000000071269dca0) 
thrown [s\src\hotspot\share\prims\jni.cpp, line 520]
Event: 1201.048 Thread 0x0000024372ded210 Exception <a 'java/lang/NoSuchMethodError'{0x000000070ecb8a90}: static [B.<clinit>()V> (0x000000070ecb8a90) 
thrown [s\src\hotspot\share\prims\jni.cpp, line 1111]
Event: 1201.081 Thread 0x0000024375a441e0 Exception <a 'java/lang/NoClassDefFoundError'{0x000000070e996550}: org/flywaydb/core/Flyway> (0x000000070e996550) 
thrown [s\src\hotspot\share\oops\constantPool.cpp, line 873]
Event: 1201.082 Thread 0x0000024375a441e0 Exception <a 'java/lang/NoClassDefFoundError'{0x000000070e996bb0}: liquibase/integration/spring/SpringLiquibase> (0x000000070e996bb0) 
thrown [s\src\hotspot\share\oops\constantPool.cpp, line 873]
Event: 1201.084 Thread 0x0000024375a441e0 Exception <a 'java/lang/NoClassDefFoundError'{0x000000070e9e03c0}: org/jooq/DSLContext> (0x000000070e9e03c0) 
thrown [s\src\hotspot\share\oops\constantPool.cpp, line 873]
Event: 1201.087 Thread 0x0000024375a441e0 Exception <a 'java/lang/NoClassDefFoundError'{0x000000070e681c48}: org/springframework/batch/core/repository/JobRepository> (0x000000070e681c48) 
thrown [s\src\hotspot\share\oops\constantPool.cpp, line 873]
Event: 1201.088 Thread 0x0000024375a441e0 Exception <a 'java/lang/NoClassDefFoundError'{0x000000070e6822a0}: org/quartz/Scheduler> (0x000000070e6822a0) 
thrown [s\src\hotspot\share\oops\constantPool.cpp, line 873]
Event: 1201.088 Thread 0x0000024375a441e0 Exception <a 'java/lang/NoClassDefFoundError'{0x000000070e682920}: org/springframework/session/jdbc/JdbcIndexedSessionRepository> (0x000000070e682920) 
thrown [s\src\hotspot\share\oops\constantPool.cpp, line 873]
Event: 1201.135 Thread 0x0000024375a441e0 Exception <a 'java/io/FileNotFoundException'{0x000000070db8d4e8}> (0x000000070db8d4e8) 
thrown [s\src\hotspot\share\prims\jni.cpp, line 520]
Event: 1201.190 Thread 0x0000024375a441e0 Exception <a 'java/io/FileNotFoundException'{0x000000070d17f9d0}> (0x000000070d17f9d0) 
thrown [s\src\hotspot\share\prims\jni.cpp, line 520]
Event: 1208.042 Thread 0x0000024374dec2b0 Exception <a 'java/lang/NoSuchMethodError'{0x000000070c26c948}: static [Ljava/lang/StackTraceElement;.<clinit>()V> (0x000000070c26c948) 
thrown [s\src\hotspot\share\prims\jni.cpp, line 1111]

ZGC Phase Switch (0 events):
No events

VM Operations (20 events):
Event: 1211.493 Executing VM operation: get/set locals
Event: 1211.493 Executing VM operation: get/set locals done
Event: 1211.493 Executing VM operation: get/set locals
Event: 1211.493 Executing VM operation: get/set locals done
Event: 1211.493 Executing VM operation: get/set locals
Event: 1211.493 Executing VM operation: get/set locals done
Event: 1211.494 Executing VM operation: get/set locals
Event: 1211.494 Executing VM operation: get/set locals done
Event: 1211.494 Executing VM operation: get/set locals
Event: 1211.494 Executing VM operation: get/set locals done
Event: 1211.495 Executing VM operation: get/set locals
Event: 1211.495 Executing VM operation: get/set locals done
Event: 1211.495 Executing VM operation: get/set locals
Event: 1211.495 Executing VM operation: get/set locals done
Event: 1211.495 Executing VM operation: get/set locals
Event: 1211.495 Executing VM operation: get/set locals done
Event: 1211.496 Executing VM operation: get/set locals
Event: 1211.496 Executing VM operation: get/set locals done
Event: 1216.533 Executing VM operation: Cleanup
Event: 1216.533 Executing VM operation: Cleanup done

Memory protections (0 events):
No events

Nmethod flushes (20 events):
Event: 1200.697 Thread 0x000002432beb9d60 flushing  nmethod 0x0000024321b67e90
Event: 1200.697 Thread 0x000002432beb9d60 flushing  nmethod 0x0000024321b70010
Event: 1200.697 Thread 0x000002432beb9d60 flushing  nmethod 0x0000024321dd8590
Event: 1200.697 Thread 0x000002432beb9d60 flushing  nmethod 0x0000024322179490
Event: 1200.697 Thread 0x000002432beb9d60 flushing  nmethod 0x0000024321472210
Event: 1200.697 Thread 0x000002432beb9d60 flushing  nmethod 0x00000243219acc90
Event: 1200.697 Thread 0x000002432beb9d60 flushing  nmethod 0x00000243219f3110
Event: 1200.697 Thread 0x000002432beb9d60 flushing  nmethod 0x0000024321ab3810
Event: 1200.697 Thread 0x000002432beb9d60 flushing  nmethod 0x0000024321acc210
Event: 1200.697 Thread 0x000002432beb9d60 flushing  nmethod 0x0000024321acda10
Event: 1200.697 Thread 0x000002432beb9d60 flushing  nmethod 0x0000024321b5c210
Event: 1200.697 Thread 0x000002432beb9d60 flushing  nmethod 0x0000024321d48f90
Event: 1200.697 Thread 0x000002432beb9d60 flushing  nmethod 0x0000024321fb1d90
Event: 1200.697 Thread 0x000002432beb9d60 flushing  nmethod 0x0000024321fb2090
Event: 1200.697 Thread 0x000002432beb9d60 flushing  nmethod 0x0000024321fb2790
Event: 1200.697 Thread 0x000002432beb9d60 flushing  nmethod 0x0000024321fb2a90
Event: 1200.697 Thread 0x000002432beb9d60 flushing  nmethod 0x0000024321fb2e10
Event: 1200.697 Thread 0x000002432beb9d60 flushing  nmethod 0x0000024321fb3590
Event: 1200.697 Thread 0x000002432beb9d60 flushing  nmethod 0x0000024321fb3f10
Event: 1200.697 Thread 0x000002432beb9d60 flushing  nmethod 0x0000024322119b10

Events (20 events):
Event: 1200.731 Thread 0x0000024375a441e0 Thread added: 0x0000024375a43b50
Event: 1200.732 Thread 0x0000024375a43b50 Thread exited: 0x0000024375a43b50
Event: 1200.753 Thread 0x0000024375a441e0 Thread added: 0x0000024375a42110
Event: 1200.782 Thread 0x0000024375a42110 Thread exited: 0x0000024375a42110
Event: 1201.191 Thread 0x0000024375a441e0 Thread added: 0x0000024375a427a0
Event: 1201.191 Thread 0x0000024375a441e0 Thread added: 0x0000024375a434c0
Event: 1201.191 Thread 0x0000024375a441e0 Thread added: 0x0000024375a42e30
Event: 1201.223 Thread 0x0000024375a441e0 Thread added: 0x0000024375a40d60
Event: 1201.324 Thread 0x0000024375a40d60 Thread added: 0x0000024375a44870
Event: 1201.424 Thread 0x000002432c330080 Thread added: 0x000002437644c700
Event: 1201.424 Thread 0x000002432c330080 Thread added: 0x00000243725a9c60
Event: 1201.424 Thread 0x000002432c330080 Thread added: 0x000002437261f6a0
Event: 1201.424 Thread 0x000002432c330080 Thread added: 0x00000243728181a0
Event: 1201.424 Thread 0x000002432c330080 Thread added: 0x0000024372818840
Event: 1206.708 Thread 0x0000024372818840 Thread exited: 0x0000024372818840
Event: 1206.756 Thread 0x0000024375a44870 Thread exited: 0x0000024375a44870
Event: 1213.489 Thread 0x00000243728181a0 Thread exited: 0x00000243728181a0
Event: 1213.489 Thread 0x000002437261f6a0 Thread exited: 0x000002437261f6a0
Event: 1218.498 Thread 0x00000243725a9c60 Thread exited: 0x00000243725a9c60
Event: 1218.498 Thread 0x000002437644c700 Thread exited: 0x000002437644c700


Dynamic libraries:
0x00007ff60f0f0000 - 0x00007ff60f0fe000 	D:\sts-4.32.0.RELEASE\plugins\org.eclipse.justj.openjdk.hotspot.jre.full.win32.x86_64_21.0.8.v20250724-1412\jre\bin\javaw.exe
0x00007ffa386e0000 - 0x00007ffa38948000 	C:\WINDOWS\SYSTEM32\ntdll.dll
0x00007ffa37970000 - 0x00007ffa37a39000 	C:\WINDOWS\System32\KERNEL32.DLL
0x00007ffa35ee0000 - 0x00007ffa362d2000 	C:\WINDOWS\System32\KERNELBASE.dll
0x00007ffa35d90000 - 0x00007ffa35edb000 	C:\WINDOWS\System32\ucrtbase.dll
0x00007ffa2c000000 - 0x00007ffa2c018000 	D:\sts-4.32.0.RELEASE\plugins\org.eclipse.justj.openjdk.hotspot.jre.full.win32.x86_64_21.0.8.v20250724-1412\jre\bin\jli.dll
0x00007ffa29c20000 - 0x00007ffa29c3e000 	D:\sts-4.32.0.RELEASE\plugins\org.eclipse.justj.openjdk.hotspot.jre.full.win32.x86_64_21.0.8.v20250724-1412\jre\bin\VCRUNTIME140.dll
0x00007ffa37c50000 - 0x00007ffa37e15000 	C:\WINDOWS\System32\USER32.dll
0x00007ffa35d60000 - 0x00007ffa35d87000 	C:\WINDOWS\System32\win32u.dll
0x00007ffa1bd50000 - 0x00007ffa1bfe3000 	C:\WINDOWS\WinSxS\amd64_microsoft.windows.common-controls_6595b64144ccf1df_6.0.26100.6899_none_3e0efeeae32e88c1\COMCTL32.dll
0x00007ffa37680000 - 0x00007ffa376ab000 	C:\WINDOWS\System32\GDI32.dll
0x00007ffa37ba0000 - 0x00007ffa37c49000 	C:\WINDOWS\System32\msvcrt.dll
0x00007ffa36380000 - 0x00007ffa364ad000 	C:\WINDOWS\System32\gdi32full.dll
0x00007ffa35cb0000 - 0x00007ffa35d53000 	C:\WINDOWS\System32\msvcp_win.dll
0x00007ffa37b60000 - 0x00007ffa37b8f000 	C:\WINDOWS\System32\IMM32.DLL
0x00007ffa2fb90000 - 0x00007ffa2fb9c000 	D:\sts-4.32.0.RELEASE\plugins\org.eclipse.justj.openjdk.hotspot.jre.full.win32.x86_64_21.0.8.v20250724-1412\jre\bin\vcruntime140_1.dll
0x00007ff9eeef0000 - 0x00007ff9eef7d000 	D:\sts-4.32.0.RELEASE\plugins\org.eclipse.justj.openjdk.hotspot.jre.full.win32.x86_64_21.0.8.v20250724-1412\jre\bin\msvcp140.dll
0x00007ff995760000 - 0x00007ff9964f7000 	D:\sts-4.32.0.RELEASE\plugins\org.eclipse.justj.openjdk.hotspot.jre.full.win32.x86_64_21.0.8.v20250724-1412\jre\bin\server\jvm.dll
0x00007ffa385e0000 - 0x00007ffa38694000 	C:\WINDOWS\System32\ADVAPI32.dll
0x00007ffa378b0000 - 0x00007ffa37956000 	C:\WINDOWS\System32\sechost.dll
0x00007ffa383c0000 - 0x00007ffa384d8000 	C:\WINDOWS\System32\RPCRT4.dll
0x00007ffa36720000 - 0x00007ffa36794000 	C:\WINDOWS\System32\WS2_32.dll
0x00007ffa34480000 - 0x00007ffa344de000 	C:\WINDOWS\SYSTEM32\POWRPROF.dll
0x00007ffa29990000 - 0x00007ffa2999b000 	C:\WINDOWS\SYSTEM32\VERSION.dll
0x00007ffa26bb0000 - 0x00007ffa26be5000 	C:\WINDOWS\SYSTEM32\WINMM.dll
0x00007ffa34460000 - 0x00007ffa34474000 	C:\WINDOWS\SYSTEM32\UMPDC.dll
0x00007ffa34740000 - 0x00007ffa3475b000 	C:\WINDOWS\SYSTEM32\kernel.appcore.dll
0x00007ffa2fb80000 - 0x00007ffa2fb8a000 	D:\sts-4.32.0.RELEASE\plugins\org.eclipse.justj.openjdk.hotspot.jre.full.win32.x86_64_21.0.8.v20250724-1412\jre\bin\jimage.dll
0x00007ffa32fa0000 - 0x00007ffa331e2000 	C:\WINDOWS\SYSTEM32\DBGHELP.DLL
0x00007ffa37e20000 - 0x00007ffa3819b000 	C:\WINDOWS\System32\combase.dll
0x00007ffa375a0000 - 0x00007ffa37677000 	C:\WINDOWS\System32\OLEAUT32.dll
0x00007ffa19760000 - 0x00007ffa1979c000 	C:\WINDOWS\SYSTEM32\dbgcore.DLL
0x00007ffa362e0000 - 0x00007ffa36378000 	C:\WINDOWS\System32\bcryptPrimitives.dll
0x00007ffa06460000 - 0x00007ffa0649c000 	D:\sts-4.32.0.RELEASE\plugins\org.eclipse.justj.openjdk.hotspot.jre.full.win32.x86_64_21.0.8.v20250724-1412\jre\bin\jdwp.dll
0x00007ffa2e870000 - 0x00007ffa2e87f000 	D:\sts-4.32.0.RELEASE\plugins\org.eclipse.justj.openjdk.hotspot.jre.full.win32.x86_64_21.0.8.v20250724-1412\jre\bin\instrument.dll
0x00007ffa2aa80000 - 0x00007ffa2aa9f000 	D:\sts-4.32.0.RELEASE\plugins\org.eclipse.justj.openjdk.hotspot.jre.full.win32.x86_64_21.0.8.v20250724-1412\jre\bin\java.dll
0x00007ffa36e50000 - 0x00007ffa3759d000 	C:\WINDOWS\System32\SHELL32.dll
0x00007ffa359c0000 - 0x00007ffa35b2b000 	C:\WINDOWS\System32\wintypes.dll
0x00007ffa334a0000 - 0x00007ffa33cfd000 	C:\WINDOWS\SYSTEM32\windows.storage.dll
0x00007ffa384e0000 - 0x00007ffa385d2000 	C:\WINDOWS\System32\SHCORE.dll
0x00007ffa38350000 - 0x00007ffa383b2000 	C:\WINDOWS\System32\shlwapi.dll
0x00007ffa35790000 - 0x00007ffa357b9000 	C:\WINDOWS\SYSTEM32\profapi.dll
0x00007ffa2aa60000 - 0x00007ffa2aa78000 	D:\sts-4.32.0.RELEASE\plugins\org.eclipse.justj.openjdk.hotspot.jre.full.win32.x86_64_21.0.8.v20250724-1412\jre\bin\zip.dll
0x00007ffa21770000 - 0x00007ffa2177b000 	D:\sts-4.32.0.RELEASE\plugins\org.eclipse.justj.openjdk.hotspot.jre.full.win32.x86_64_21.0.8.v20250724-1412\jre\bin\dt_socket.dll
0x00007ffa340a0000 - 0x00007ffa340d4000 	C:\WINDOWS\SYSTEM32\IPHLPAPI.DLL
0x00007ffa34cd0000 - 0x00007ffa34d3b000 	C:\WINDOWS\system32\mswsock.dll
0x00007ffa34130000 - 0x00007ffa34256000 	C:\WINDOWS\SYSTEM32\DNSAPI.dll
0x00007ffa36710000 - 0x00007ffa3671a000 	C:\WINDOWS\System32\NSI.dll
0x00007ffa2b750000 - 0x00007ffa2b75b000 	C:\Windows\System32\rasadhlp.dll
0x00007ffa2e940000 - 0x00007ffa2e9c6000 	C:\WINDOWS\System32\fwpuclnt.dll
0x00007ffa2a6f0000 - 0x00007ffa2a700000 	D:\sts-4.32.0.RELEASE\plugins\org.eclipse.justj.openjdk.hotspot.jre.full.win32.x86_64_21.0.8.v20250724-1412\jre\bin\net.dll
0x00007ffa2c650000 - 0x00007ffa2c76f000 	C:\WINDOWS\SYSTEM32\WINHTTP.dll
0x00007ffa2a6d0000 - 0x00007ffa2a6e6000 	D:\sts-4.32.0.RELEASE\plugins\org.eclipse.justj.openjdk.hotspot.jre.full.win32.x86_64_21.0.8.v20250724-1412\jre\bin\nio.dll
0x00007ffa2aac0000 - 0x00007ffa2aaca000 	D:\sts-4.32.0.RELEASE\plugins\org.eclipse.justj.openjdk.hotspot.jre.full.win32.x86_64_21.0.8.v20250724-1412\jre\bin\management.dll
0x00007ffa2aab0000 - 0x00007ffa2aabb000 	D:\sts-4.32.0.RELEASE\plugins\org.eclipse.justj.openjdk.hotspot.jre.full.win32.x86_64_21.0.8.v20250724-1412\jre\bin\management_ext.dll
0x00007ffa376b0000 - 0x00007ffa376b8000 	C:\WINDOWS\System32\PSAPI.DLL
0x00007ffa11120000 - 0x00007ffa11138000 	C:\WINDOWS\system32\napinsp.dll
0x00007ffa10490000 - 0x00007ffa104a2000 	C:\WINDOWS\System32\winrnr.dll
0x00007ffa10460000 - 0x00007ffa10488000 	C:\WINDOWS\system32\nlansp_c.dll
0x00007ffa2b000000 - 0x00007ffa2b016000 	C:\WINDOWS\system32\wshbth.dll
0x00007ffa34f80000 - 0x00007ffa34f9b000 	C:\WINDOWS\SYSTEM32\CRYPTSP.dll
0x00007ffa346a0000 - 0x00007ffa346db000 	C:\WINDOWS\system32\rsaenh.dll
0x00007ffa34d70000 - 0x00007ffa34d9b000 	C:\WINDOWS\SYSTEM32\USERENV.dll
0x00007ffa35760000 - 0x00007ffa35786000 	C:\WINDOWS\SYSTEM32\bcrypt.dll
0x00007ffa34fa0000 - 0x00007ffa34fac000 	C:\WINDOWS\SYSTEM32\CRYPTBASE.dll
0x00007ffa2aaa0000 - 0x00007ffa2aaa9000 	D:\sts-4.32.0.RELEASE\plugins\org.eclipse.justj.openjdk.hotspot.jre.full.win32.x86_64_21.0.8.v20250724-1412\jre\bin\extnet.dll
0x00007ffa2a6c0000 - 0x00007ffa2a6d0000 	D:\sts-4.32.0.RELEASE\plugins\org.eclipse.justj.openjdk.hotspot.jre.full.win32.x86_64_21.0.8.v20250724-1412\jre\bin\verify.dll
0x00007ffa2fba0000 - 0x00007ffa2fbae000 	D:\sts-4.32.0.RELEASE\plugins\org.eclipse.justj.openjdk.hotspot.jre.full.win32.x86_64_21.0.8.v20250724-1412\jre\bin\sunmscapi.dll
0x00007ffa35b30000 - 0x00007ffa35ca7000 	C:\WINDOWS\System32\CRYPT32.dll
0x00007ffa35120000 - 0x00007ffa35150000 	C:\WINDOWS\SYSTEM32\ncrypt.dll
0x00007ffa350d0000 - 0x00007ffa3510f000 	C:\WINDOWS\SYSTEM32\NTASN1.dll
0x00007ff9d6210000 - 0x00007ff9d6218000 	C:\WINDOWS\system32\wshunix.dll

JVMTI agents:
jdwp path:D:\sts-4.32.0.RELEASE\plugins\org.eclipse.justj.openjdk.hotspot.jre.full.win32.x86_64_21.0.8.v20250724-1412\jre\bin\jdwp.dll, loaded, initialized, options:transport=dt_socket,suspend=y,address=localhost:51488
D:\sts-4.32.0.RELEASE\configuration\org.eclipse.osgi\272\0\.cp\lib\javaagent-shaded.jar path:D:\sts-4.32.0.RELEASE\plugins\org.eclipse.justj.openjdk.hotspot.jre.full.win32.x86_64_21.0.8.v20250724-1412\jre\bin\instrument.dll, loaded, initialized, instrumentlib options:none

dbghelp: loaded successfully - version: 4.0.5 - missing functions: none
symbol engine: initialized successfully - sym options: 0x614 - pdb path: .;D:\sts-4.32.0.RELEASE\plugins\org.eclipse.justj.openjdk.hotspot.jre.full.win32.x86_64_21.0.8.v20250724-1412\jre\bin;C:\WINDOWS\SYSTEM32;C:\WINDOWS\WinSxS\amd64_microsoft.windows.common-controls_6595b64144ccf1df_6.0.26100.6899_none_3e0efeeae32e88c1;D:\sts-4.32.0.RELEASE\plugins\org.eclipse.justj.openjdk.hotspot.jre.full.win32.x86_64_21.0.8.v20250724-1412\jre\bin\server

VM Arguments:
jvm_args: -XX:+ShowCodeDetailsInExceptionMessages -agentlib:jdwp=transport=dt_socket,suspend=y,address=localhost:51488 -Dcom.sun.management.jmxremote -Dcom.sun.management.jmxremote.port=51487 -Dcom.sun.management.jmxremote.authenticate=false -Dcom.sun.management.jmxremote.ssl=false -Djava.rmi.server.hostname=localhost -Dspring.jmx.enabled=true -Dmanagement.endpoints.jmx.exposure.include=* -Dspring.application.admin.enabled=true -Dspring.output.ansi.enabled=always -XX:TieredStopAtLevel=1 -Dspring.boot.project.name=order-service -javaagent:D:\sts-4.32.0.RELEASE\configuration\org.eclipse.osgi\272\0\.cp\lib\javaagent-shaded.jar -Dfile.encoding=UTF-8 -Dstdout.encoding=UTF-8 -Dstderr.encoding=UTF-8 
java_command: com.hogwarts.orderservice.OrderServiceApplication
java_class_path (initial): D:\My Projects Java\order-service\target\classes;C:\Users\Manoj Targaryen\.m2\repository\org\springframework\boot\spring-boot-starter-actuator\3.5.7\spring-boot-starter-actuator-3.5.7.jar;C:\Users\Manoj Targaryen\.m2\repository\org\springframework\boot\spring-boot-starter\3.5.7\spring-boot-starter-3.5.7.jar;C:\Users\Manoj Targaryen\.m2\repository\org\springframework\boot\spring-boot-starter-logging\3.5.7\spring-boot-starter-logging-3.5.7.jar;C:\Users\Manoj Targaryen\.m2\repository\ch\qos\logback\logback-classic\1.5.20\logback-classic-1.5.20.jar;C:\Users\Manoj Targaryen\.m2\repository\ch\qos\logback\logback-core\1.5.20\logback-core-1.5.20.jar;C:\Users\Manoj Targaryen\.m2\repository\org\apache\logging\log4j\log4j-to-slf4j\2.24.3\log4j-to-slf4j-2.24.3.jar;C:\Users\Manoj Targaryen\.m2\repository\org\apache\logging\log4j\log4j-api\2.24.3\log4j-api-2.24.3.jar;C:\Users\Manoj Targaryen\.m2\repository\org\slf4j\jul-to-slf4j\2.0.17\jul-to-slf4j-2.0.17.jar;C:\Users\Manoj Targaryen\.m2\repository\jakarta\annotation\jakarta.annotation-api\2.1.1\jakarta.annotation-api-2.1.1.jar;C:\Users\Manoj Targaryen\.m2\repository\org\yaml\snakeyaml\2.4\snakeyaml-2.4.jar;C:\Users\Manoj Targaryen\.m2\repository\org\springframework\boot\spring-boot-actuator-autoconfigure\3.5.7\spring-boot-actuator-autoconfigure-3.5.7.jar;C:\Users\Manoj Targaryen\.m2\repository\org\springframework\boot\spring-boot-actuator\3.5.7\spring-boot-actuator-3.5.7.jar;C:\Users\Manoj Targaryen\.m2\repository\com\fasterxml\jackson\core\jackson-databind\2.19.2\jackson-databind-2.19.2.jar;C:\Users\Manoj Targaryen\.m2\repository\com\fasterxml\jackson\datatype\jackson-datatype-jsr310\2.19.2\jackson-datatype-jsr310-2.19.2.jar;C:\Users\Manoj Targaryen\.m2\repository\io\micrometer\micrometer-observation\1.15.5\micrometer-observation-1.15.5.jar;C:\Users\Manoj Targaryen\.m2\repository\io\micrometer\micrometer-commons\1.15.5\micrometer-commons-1.15.5.jar;C:\Users\Manoj Targaryen\.m2\repository\io\micrometer\micrometer-jakarta9\1.15.5\micrometer-jakarta9-1.15.5.jar;C:\Users\Manoj Targaryen\.m2\repository\io\micrometer\micrometer-core\1.15.5\micrometer-core-1.15.5.jar;C:\Users\Manoj Targaryen\.m2\repository\org\hdrhistogram\HdrHistogram\2.2.2\HdrHistogram-2.2.2.jar;C:\Users\Manoj Targaryen\.m2\repository\org\latencyutils\LatencyUtils\2.0.3\LatencyUtils-2.0.3.jar;C:\Users\Manoj Targaryen\.m2\repository\org\springframework\boot\spring-boot-starter-data-jpa\3.5.7\spring-boot-starter-data-jpa-3.5.7.jar;C:\Users\Manoj Targaryen\.m2\repository\org\springframework\boot\spring-boot-starter-jdbc\3.5.7\spring-boot-starter-jdbc-3.5.7.jar;C:\Users\Manoj Targaryen\.m2\repository\com\zaxxer\HikariCP\6.3.3\HikariCP-6.3.3.jar;C:\Users\Manoj Targaryen\.m2\repository\org\springframework\spring-jdbc\6.2.12\spring-jdbc-6.2.12.jar;C:\Users\Manoj Targaryen\.m2\repository\org\hibernate\orm\hibernate-core\6.6.33.Final\hibernate-core-6.6.33.Final.jar;C:\Users\Manoj Targaryen\.m2\repository\jakarta\persistence\jakarta.persistence-api\3.1.0\jakarta.persistence-api-3.1.0.jar;C:\Users\Manoj Targaryen\.m2\repository\jakarta\transaction\jakarta.transaction-api\2.0.1\jakarta.transaction-api-2.0.1.jar;C:\Users\Manoj Targaryen\.m2\repository\org\jboss\logging\jboss-logging\3.6.1.Final\jboss-logging-3.6.1.Final.jar;C:\Users\Manoj Targaryen\.m2\repository\org\hibernate\common\hibernate-commons-annotations\7.0.3.Final\hibernate-commons-annotations-7.0.3.Final.jar;C:\Users\Manoj Targaryen\.m2\repository\io\smallrye\jandex\3.2.0\jandex-3.2.0.jar;C:\Users\Manoj Targaryen\.m2\repository\com\fasterxml\classmate\1.7.1\classmate-1.7.1.jar;C:\Users\Manoj Targaryen\.m2\repository\net\bytebuddy\byte-buddy\1.17.8\byte-buddy-1.17.8.jar;C:\Users\Manoj Targaryen\.m2\repository\org\glassfish\jaxb\jaxb-runtime\4.0.6\jaxb-runtime-4.0.6.jar;C:\Users\Manoj Targaryen\.m2\repository\org\glassfish\jaxb\jaxb-core\4.0.6\jaxb-core-4.0.6.jar;C:\Users\Manoj Targaryen\.m2\repository\org\eclipse\angus\angus-activation\2.0.3\angus-activation-2.0.3.jar;C:\Users\Manoj Targaryen\.m2\repository\org\glassfish\jaxb\txw2\4.0.6\txw2-4.0.6.jar;C:\Users\Manoj Targaryen\.m2\repository\com\sun\istack\istack-commons-runtime\4.1.2\istack-commons-runtime-4.1.2.jar;C:\Users\Manoj Targaryen\.m2\repository\jakarta\inject\jakarta.inject-api\2.0.1\jakarta.inject-api-2.0.1.jar;C:\Users\Manoj Targaryen\.m2\repository\org\antlr\antlr4-runtime\4.13.0\antlr4-runtime-4.13.0.jar;C:\Users\Manoj Targaryen\.m2\repository\org\springframework\data\spring-data-jpa\3.5.5\spring-data-jpa-3.5.5.jar;C:\Users\Manoj Targaryen\.m2\repository\org\springframework\data\spring-data-commons\3.5.5\spring-data-commons-3.5.5.jar;C:\Users\Manoj Targaryen\.m2\repository\org\springframework\spring-orm\6.2.12\spring-orm-6.2.12.jar;C:\Users\Manoj Targaryen\.m2\repository\org\springframework\spring-context\6.2.12\spring-context-6.2.12.jar;C:\Users\Manoj Targaryen\.m2\repository\org\springframework\spring-aop\6.2.12\spring-aop-6.2.12.jar;C:\Users\Manoj Targaryen\.m2\repository\org\springframework\spring-tx\6.2.12\spring-tx-6.2.12.jar;C:\Users\Manoj Targaryen\.m2\repository\org\springframework\spring-beans\6.2.12\spring-beans-6.2.12.jar;C:\Users\Manoj Targaryen\.m2\repository\org\slf4j\slf4j-api\2.0.17\slf4j-api-2.0.17.jar;C:\Users\Manoj Targaryen\.m2\repository\org\springframework\spring-aspects\6.2.12\spring-aspects-6.2.12.jar;C:\Users\Manoj Targaryen\.m2\repository\org\aspectj\aspectjweaver\1.9.24\aspectjweaver-1.9.24.jar;C:\Users\Manoj Targaryen\.m2\repository\org\springframework\boot\spring-boot-starter-web\3.5.7\spring-boot-starter-web-3.5.7.jar;C:\Users\Manoj Targaryen\.m2\repository\org\springframework\boot\spring-boot-starter-json\3.5.7\spring-boot-starter-json-3.5.7.jar;C:\Users\Manoj Targaryen\.m2\repository\com\fasterxml\jackson\datatype\jackson-datatype-jdk8\2.19.2\jackson-datatype-jdk8-2.19.2.jar;C:\Users\Manoj Targaryen\.m2\repository\com\fasterxml\jackson\module\jackson-module-parameter-names\2.19.2\jackson-module-parameter-names-2.19.2.jar;C:\Users\Manoj Targaryen\.m2\repository\org\springframework\boot\spring-boot-starter-tomcat\3.5.7\spring-boot-starter-tomcat-3.5.7.jar;C:\Users\Manoj Targaryen\.m2\repository\org\apache\tomcat\embed\tomcat-embed-core\10.1.48\tomcat-embed-core-10.1.48.jar;C:\Users\Manoj Targaryen\.m2\repository\org\apache\tomcat\embed\tomcat-embed-el\10.1.48\tomcat-embed-el-10.1.48.jar;C:\Users\Manoj Targaryen\.m2\repository\org\apache\tomcat\embed\tomcat-embed-websocket\10.1.48\tomcat-embed-websocket-10.1.48.jar;C:\Users\Manoj Targaryen\.m2\repository\org\springframework\spring-web\6.2.12\spring-web-6.2.12.jar;C:\Users\Manoj Targaryen\.m2\repository\org\springframework\spring-webmvc\6.2.12\spring-webmvc-6.2.12.jar;C:\Users\Manoj Targaryen\.m2\repository\org\springframework\spring-expression\6.2.12\spring-expression-6.2.12.jar;C:\Users\Manoj Targaryen\.m2\repository\org\springframework\cloud\spring-cloud-starter-netflix-eureka-client\4.3.0\spring-cloud-starter-netflix-eureka-client-4.3.0.jar;C:\Users\Manoj Targaryen\.m2\repository\org\springframework\cloud\spring-cloud-starter\4.3.0\spring-cloud-starter-4.3.0.jar;C:\Users\Manoj Targaryen\.m2\repository\org\springframework\cloud\spring-cloud-context\4.3.0\spring-cloud-context-4.3.0.jar;C:\Users\Manoj Targaryen\.m2\repository\org\bouncycastle\bcprov-jdk18on\1.80\bcprov-jdk18on-1.80.jar;C:\Users\Manoj Targaryen\.m2\repository\org\springframework\cloud\spring-cloud-netflix-eureka-client\4.3.0\spring-cloud-netflix-eureka-client-4.3.0.jar;C:\Users\Manoj Targaryen\.m2\repository\org\apache\httpcomponents\client5\httpclient5\5.5.1\httpclient5-5.5.1.jar;C:\Users\Manoj Targaryen\.m2\repository\org\apache\httpcomponents\core5\httpcore5\5.3.6\httpcore5-5.3.6.jar;C:\Users\Manoj Targaryen\.m2\repository\org\apache\httpcomponents\core5\httpcore5-h2\5.3.6\httpcore5-h2-5.3.6.jar;C:\Users\Manoj Targaryen\.m2\repository\com\netflix\eureka\eureka-client\2.0.4\eureka-client-2.0.4.jar;C:\Users\Manoj Targaryen\.m2\repository\com\thoughtworks\xstream\xstream\1.4.20\xstream-1.4.20.jar;C:\Users\Manoj Targaryen\.m2\repository\io\github\x-stream\mxparser\1.2.2\mxparser-1.2.2.jar;C:\Users\Manoj Targaryen\.m2\repository\xmlpull\xmlpull\1.1.3.1\xmlpull-1.1.3.1.jar;C:\Users\Manoj Targaryen\.m2\repository\jakarta\ws\rs\jakarta.ws.rs-api\3.1.0\jakarta.ws.rs-api-3.1.0.jar;C:\Users\Manoj Targaryen\.m2\repository\com\netflix\spectator\spectator-api\1.7.3\spectator-api-1.7.3.jar;C:\Users\Manoj Targaryen\.m2\repository\org\apache\httpcomponents\httpclient\4.5.3\httpclient-4.5.3.jar;C:\Users\Manoj Targaryen\.m2\repository\org\apache\httpcomponents\httpcore\4.4.16\httpcore-4.4.16.jar;C:\Users\Manoj Targaryen\.m2\repository\commons-codec\commons-codec\1.18.0\commons-codec-1.18.0.jar;C:\Users\Manoj Targaryen\.m2\repository\commons-configuration\commons-configuration\1.10\commons-configuration-1.10.jar;C:\Users\Manoj Targaryen\.m2\repository\commons-lang\commons-lang\2.6\commons-lang-2.6.jar;C:\Users\Manoj Targaryen\.m2\repository\com\fasterxml\jackson\core\jackson-annotations\2.19.2\jackson-annotations-2.19.2.jar;C:\Users\Manoj Targaryen\.m2\repository\com\fasterxml\jackson\core\jackson-core\2.19.2\jackson-core-2.19.2.jar;C:\Users\Manoj Targaryen\.m2\repository\com\netflix\netflix-commons\netflix-eventbus\0.3.0\netflix-eventbus-0.3.0.jar;C:\Users\Manoj Targaryen\.m2\repository\com\netflix\netflix-commons\netflix-infix\0.3.0\netflix-infix-0.3.0.jar;C:\Users\Manoj Targaryen\.m2\repository\commons-jxpath\commons-jxpath\1.3\commons-jxpath-1.3.jar;C:\Users\Manoj Targaryen\.m2\repository\joda-time\joda-time\2.3\joda-time-2.3.jar;C:\Users\Manoj Targaryen\.m2\repository\org\antlr\antlr-runtime\3.4\antlr-runtime-3.4.jar;C:\Users\Manoj Targaryen\.m2\repository\org\antlr\stringtemplate\3.2.1\stringtemplate-3.2.1.jar;C:\Users\Manoj Targaryen\.m2\repository\antlr\antlr\2.7.7\antlr-2.7.7.jar;C:\Users\Manoj Targaryen\.m2\repository\com\google\guava\guava\14.0.1\guava-14.0.1.jar;C:\Users\Manoj Targaryen\.m2\repository\com\google\code\gson\gson\2.13.2\gson-2.13.2.jar;C:\Users\Manoj Targaryen\.m2\repository\com\google\errorprone\error_prone_annotations\2.41.0\error_prone_annotations-2.41.0.jar;C:\Users\Manoj Targaryen\.m2\repository\com\netflix\servo\servo-core\0.5.3\servo-core-0.5.3.jar;C:\Users\Manoj Targaryen\.m2\repository\org\apache\commons\commons-math\2.2\commons-math-2.2.jar;C:\Users\Manoj Targaryen\.m2\repository\javax\annotation\javax.annotation-api\1.2\javax.annotation-api-1.2.jar;C:\Users\Manoj Targaryen\.m2\repository\org\codehaus\jettison\jettison\1.5.4\jettison-1.5.4.jar;C:\Users\Manoj Targaryen\.m2\repository\org\springframework\cloud\spring-cloud-starter-loadbalancer\4.3.0\spring-cloud-starter-loadbalancer-4.3.0.jar;C:\Users\Manoj Targaryen\.m2\repository\org\springframework\cloud\spring-cloud-loadbalancer\4.3.0\spring-cloud-loadbalancer-4.3.0.jar;C:\Users\Manoj Targaryen\.m2\repository\io\projectreactor\reactor-core\3.7.12\reactor-core-3.7.12.jar;C:\Users\Manoj Targaryen\.m2\repository\org\reactivestreams\reactive-streams\1.0.4\reactive-streams-1.0.4.jar;C:\Users\Manoj Targaryen\.m2\repository\io\projectreactor\addons\reactor-extra\3.5.4\reactor-extra-3.5.4.jar;C:\Users\Manoj Targaryen\.m2\repository\org\springframework\boot\spring-boot-starter-cache\3.5.7\spring-boot-starter-cache-3.5.7.jar;C:\Users\Manoj Targaryen\.m2\repository\org\springframework\spring-context-support\6.2.12\spring-context-support-6.2.12.jar;C:\Users\Manoj Targaryen\.m2\repository\com\stoyanr\evictor\1.0.0\evictor-1.0.0.jar;C:\Users\Manoj Targaryen\.m2\repository\org\springdoc\springdoc-openapi-starter-webmvc-ui\2.0.3\springdoc-openapi-starter-webmvc-ui-2.0.3.jar;C:\Users\Manoj Targaryen\.m2\repository\org\springdoc\springdoc-openapi-starter-webmvc-api\2.0.3\springdoc-openapi-starter-webmvc-api-2.0.3.jar;C:\Users\Manoj Targaryen\.m2\repository\org\springdoc\springdoc-openapi-starter-common\2.0.3\springdoc-openapi-starter-common-2.0.3.jar;C:\Users\Manoj Targaryen\.m2\repository\io\swagger\core\v3\swagger-core-jakarta\2.2.8\swagger-core-jakarta-2.2.8.jar;C:\Users\Manoj Targaryen\.m2\repository\org\apache\commons\commons-lang3\3.17.0\commons-lang3-3.17.0.jar;C:\Users\Manoj Targaryen\.m2\repository\io\swagger\core\v3\swagger-annotations-jakarta\2.2.8\swagger-annotations-jakarta-2.2.8.jar;C:\Users\Manoj Targaryen\.m2\repository\io\swagger\core\v3\swagger-models-jakarta\2.2.8\swagger-models-jakarta-2.2.8.jar;C:\Users\Manoj Targaryen\.m2\repository\jakarta\validation\jakarta.validation-api\3.0.2\jakarta.validation-api-3.0.2.jar;C:\Users\Manoj Targaryen\.m2\repository\com\fasterxml\jackson\dataformat\jackson-dataformat-yaml\2.19.2\jackson-dataformat-yaml-2.19.2.jar;C:\Users\Manoj Targaryen\.m2\repository\org\webjars\swagger-ui\4.17.1\swagger-ui-4.17.1.jar;C:\Users\Manoj Targaryen\.m2\repository\org\webjars\webjars-locator-core\0.59\webjars-locator-core-0.59.jar;C:\Users\Manoj Targaryen\.m2\repository\io\github\classgraph\classgraph\4.8.149\classgraph-4.8.149.jar;C:\Users\Manoj Targaryen\.m2\repository\org\springframework\cloud\spring-cloud-starter-openfeign\4.3.0\spring-cloud-starter-openfeign-4.3.0.jar;C:\Users\Manoj Targaryen\.m2\repository\org\springframework\cloud\spring-cloud-openfeign-core\4.3.0\spring-cloud-openfeign-core-4.3.0.jar;C:\Users\Manoj Targaryen\.m2\repository\io\github\openfeign\feign-form-spring\13.6\feign-form-spring-13.6.jar;C:\Users\Manoj Targaryen\.m2\repository\org\apache\commons\commons-text\1.13.0\commons-text-1.13.0.jar;C:\Users\Manoj Targaryen\.m2\repository\io\github\openfeign\feign-form\13.6\feign-form-13.6.jar;C:\Users\Manoj Targaryen\.m2\repository\commons-fileupload\commons-fileupload\1.5\commons-fileupload-1.5.jar;C:\Users\Manoj Targaryen\.m2\repository\org\springframework\cloud\spring-cloud-commons\4.3.0\spring-cloud-commons-4.3.0.jar;C:\Users\Manoj Targaryen\.m2\repository\org\springframework\security\spring-security-crypto\6.5.6\spring-security-crypto-6.5.6.jar;C:\Users\Manoj Targaryen\.m2\repository\io\github\openfeign\feign-core\13.6\feign-core-13.6.jar;C:\Users\Manoj Targaryen\.m2\repository\io\github\openfeign\feign-slf4j\13.6\feign-slf4j-13.6.jar;C:\Users\Manoj Targaryen\.m2\repository\org\springframework\boot\spring-boot-devtools\3.5.7\spring-boot-devtools-3.5.7.jar;C:\Users\Manoj Targaryen\.m2\repository\org\springframework\boot\spring-boot\3.5.7\spring-boot-3.5.7.jar;C:\Users\Manoj Targaryen\.m2\repository\org\springframework\boot\spring-boot-autoconfigure\3.5.7\spring-boot-autoconfigure-3.5.7.jar;C:\Users\Manoj Targaryen\.m2\repository\com\mysql\mysql-connector-j\9.4.0\mysql-connector-j-9.4.0.jar;C:\Users\Manoj Targaryen\.m2\repository\org\projectlombok\lombok\1.18.42\lombok-1.18.42.jar;C:\Users\Manoj Targaryen\.m2\repository\jakarta\xml\bind\jakarta.xml.bind-api\4.0.4\jakarta.xml.bind-api-4.0.4.jar;C:\Users\Manoj Targaryen\.m2\repository\jakarta\activation\jakarta.activation-api\2.1.4\jakarta.activation-api-2.1.4.jar;C:\Users\Manoj Targaryen\.m2\repository\org\springframework\spring-core\6.2.12\spring-core-6.2.12.jar;C:\Users\Manoj Targaryen\.m2\repository\org\springframework\spring-jcl\6.2.12\spring-jcl-6.2.12.jar
Launcher Type: SUN_STANDARD

[Global flags]
     intx CICompilerCount                          = 12                                        {product} {ergonomic}
     uint ConcGCThreads                            = 3                                         {product} {ergonomic}
     uint G1ConcRefinementThreads                  = 13                                        {product} {ergonomic}
   size_t G1HeapRegionSize                         = 2097152                                   {product} {ergonomic}
    uintx GCDrainStackTargetSize                   = 64                                        {product} {ergonomic}
   size_t InitialHeapSize                          = 264241152                                 {product} {ergonomic}
     bool ManagementServer                         = true                                      {product} {command line}
   size_t MarkStackSize                            = 4194304                                   {product} {ergonomic}
   size_t MaxHeapSize                              = 4223664128                                {product} {ergonomic}
   size_t MaxNewSize                               = 2533359616                                {product} {ergonomic}
   size_t MinHeapDeltaBytes                        = 2097152                                   {product} {ergonomic}
   size_t MinHeapSize                              = 8388608                                   {product} {ergonomic}
    uintx NonNMethodCodeHeapSize                   = 4096                                   {pd product} {ergonomic}
    uintx NonProfiledCodeHeapSize                  = 0                                      {pd product} {ergonomic}
     bool ProfileInterpreter                       = false                                  {pd product} {command line}
    uintx ProfiledCodeHeapSize                     = 0                                      {pd product} {ergonomic}
     bool ShowCodeDetailsInExceptionMessages       = true                                   {manageable} {command line}
   size_t SoftMaxHeapSize                          = 4223664128                             {manageable} {ergonomic}
     intx TieredStopAtLevel                        = 1                                         {product} {command line}
     bool UseCompressedOops                        = true                           {product lp64_product} {ergonomic}
     bool UseG1GC                                  = true                                      {product} {ergonomic}
     bool UseLargePagesIndividualAllocation        = false                                  {pd product} {ergonomic}

Logging:
Log output configuration:
 #0: stdout all=warning uptime,level,tags foldmultilines=false
 #1: stderr all=off uptime,level,tags foldmultilines=false

Environment Variables:
JAVA_HOME=C:\Users\Manoj Targaryen\Downloads\openjdk-21.0.2_windows-x64_bin\jdk-21.0.2
PATH=D:\sts-4.32.0.RELEASE\plugins\org.eclipse.justj.openjdk.hotspot.jre.full.win32.x86_64_21.0.8.v20250724-1412\jre\bin;D:/sts-4.32.0.RELEASE//plugins/org.eclipse.justj.openjdk.hotspot.jre.full.win32.x86_64_21.0.8.v20250724-1412/jre/bin/server;D:/sts-4.32.0.RELEASE//plugins/org.eclipse.justj.openjdk.hotspot.jre.full.win32.x86_64_21.0.8.v20250724-1412/jre/bin;C:\Windows\system32;C:\Windows;C:\Windows\System32\Wbem;C:\Windows\System32\WindowsPowerShell\v1.0\;C:\Windows\System32\OpenSSH\;C:\Program Files (x86)\NVIDIA Corporation\PhysX\Common;C:\Program Files\dotnet\;C:\Program Files\nodejs\;C:\Program Files\Git\cmd;C:\Program Files\Docker\Docker\resources\bin;D:\Selenium Projects\chromedriver.exe;C:\Program Files (x86)\Microsoft SQL Server\160\Tools\Binn\;C:\Program Files\Microsoft SQL Server\160\Tools\Binn\;C:\Program Files\Microsoft SQL Server\Client SDK\ODBC\170\Tools\Binn\;C:\Program Files\Microsoft SQL Server\160\DTS\Binn\;C:\Program Files (x86)\Microsoft SQL Server\160\DTS\Binn\;C:\Program Files\Git LFS;C:\Program Files\NVIDIA Corporation\NVIDIA app\NvDLISR;C:\WINDOWS\system32;C:\WINDOWS;C:\WINDOWS\System32\Wbem;C:\WINDOWS\System32\WindowsPowerShell\v1.0\;C:\WINDOWS\System32\OpenSSH\;C:\Program Files\MySQL\MySQL Shell 8.0\bin\;C:\Users\Manoj Targaryen\AppData\Local\Microsoft\WindowsApps;C:\Users\Manoj Targaryen\AppData\Local\Programs\Microsoft VS Code\bin;C:\Users\Manoj Targaryen\AppData\Roaming\npm;C:\Users\Manoj Targaryen\Downloads\mongosh-2.1.5-win32-x64\bin;C:\Users\Manoj Targaryen\Downloads\openjdk-21.0.2_windows-x64_bin\jdk-21.0.2\bin;C:\Users\Manoj Targaryen\Downloads\apache-maven-3.9.6\bin;;D:\sts-4.32.0.RELEASE;
USERNAME=Manoj Targaryen
OS=Windows_NT
PROCESSOR_IDENTIFIER=Intel64 Family 6 Model 141 Stepping 1, GenuineIntel
TMP=C:\Users\MANOJT~1\AppData\Local\Temp
TEMP=C:\Users\MANOJT~1\AppData\Local\Temp




Periodic native trim disabled

---------------  S Y S T E M  ---------------

OS:
 Windows 11 , 64 bit Build 26100 (10.0.26100.6725)
OS uptime: 1 days 12:25 hours
Hyper-V role detected

CPU: total 16 (initial active 16) (8 cores per cpu, 2 threads per core) family 6 model 141 stepping 1 microcode 0x34, cx8, cmov, fxsr, ht, mmx, 3dnowpref, sse, sse2, sse3, ssse3, sse4.1, sse4.2, popcnt, lzcnt, tsc, tscinvbit, avx, avx2, aes, erms, clmul, bmi1, bmi2, adx, avx512f, avx512dq, avx512cd, avx512bw, avx512vl, sha, fma, vzeroupper, avx512_vpopcntdq, avx512_vpclmulqdq, avx512_vaes, avx512_vnni, clflush, clflushopt, clwb, avx512_vbmi2, avx512_vbmi, hv, rdtscp, rdpid, fsrm, gfni, avx512_bitalg, f16c, cet_ibt, cet_ss, avx512_ifma
Processor Information for the first 16 processors :
  Max Mhz: 2304, Current Mhz: 2304, Mhz Limit: 2304

Memory: 4k page, system-wide physical 16106M (1499M free)
TotalPageFile size 38634M (AvailPageFile size 14955M)
current process WorkingSet (physical memory assigned to process): 462M, peak: 506M
current process commit charge ("private bytes"): 505M, peak: 577M

vm_info: OpenJDK 64-Bit Server VM (21.0.8+9-LTS) for windows-amd64 JRE (21.0.8+9-LTS), built on 2025-07-15T00:00:00Z by "admin" with MS VC++ 17.7 (VS2022)

END.
